<?xml version="1.0" encoding="UTF-8"?>
<testsuite name="tests.WebQuizEngineTest" tests="1" skipped="0" failures="1" errors="0" timestamp="2022-06-10T13:55:18" hostname="MARVIN" time="11.924">
  <properties/>
  <testcase name="start" classname="tests.WebQuizEngineTest" time="11.924">
    <failure message="java.lang.AssertionError: Wrong answer in test #8&#10;&#10;The JSON array should be object, found array&#10;&#10;Full JSON:&#10;[]&#10;&#10;Please find below the output of your program during this failed test.&#10;&#10;---&#10;&#10;.   ____          _            __ _ _&#10; /\\ / ___'_ __ _ _(_)_ __  __ _ \ \ \ \&#10;( ( )\___ | '_ | '_| | '_ \/ _` | \ \ \ \&#10; \\/  ___)| |_)| | | | | || (_| |  ) ) ) )&#10;  '  |____| .__|_| |_|_| |_\__, | / / / /&#10; =========|_|==============|___/=/_/_/_/&#10; :: Spring Boot ::                (v2.5.6)&#10;&#10;2022-06-10 15:55:19.832  INFO 15324 --- [    Test worker] engine.WebQuizEngine                     : Starting WebQuizEngine using Java 17.0.1 on Marvin with PID 15324 (started by Marvin in C:\Users\Marvin\Desktop\peti\Web Quiz Engine\Web Quiz Engine\task)&#10;2022-06-10 15:55:19.837  INFO 15324 --- [    Test worker] engine.WebQuizEngine                     : No active profile set, falling back to default profiles: default&#10;2022-06-10 15:55:21.769  INFO 15324 --- [    Test worker] .s.d.r.c.RepositoryConfigurationDelegate : Bootstrapping Spring Data JPA repositories in DEFAULT mode.&#10;2022-06-10 15:55:21.908  INFO 15324 --- [    Test worker] .s.d.r.c.RepositoryConfigurationDelegate : Finished Spring Data repository scanning in 122 ms. Found 2 JPA repository interfaces.&#10;2022-06-10 15:55:22.950  INFO 15324 --- [    Test worker] o.s.b.w.embedded.tomcat.TomcatWebServer  : Tomcat initialized with port(s): 8889 (http)&#10;2022-06-10 15:55:22.971  INFO 15324 --- [    Test worker] o.apache.catalina.core.StandardService   : Starting service [Tomcat]&#10;2022-06-10 15:55:22.972  INFO 15324 --- [    Test worker] org.apache.catalina.core.StandardEngine  : Starting Servlet engine: [Apache Tomcat/9.0.54]&#10;2022-06-10 15:55:23.169  INFO 15324 --- [    Test worker] o.a.c.c.C.[Tomcat].[localhost].[/]       : Initializing Spring embedded WebApplicationContext&#10;2022-06-10 15:55:23.169  INFO 15324 --- [    Test worker] w.s.c.ServletWebServerApplicationContext : Root WebApplicationContext: initialization completed in 3222 ms&#10;2022-06-10 15:55:23.410  INFO 15324 --- [    Test worker] com.zaxxer.hikari.HikariDataSource       : HikariPool-1 - Starting...&#10;2022-06-10 15:55:23.773  INFO 15324 --- [    Test worker] com.zaxxer.hikari.HikariDataSource       : HikariPool-1 - Start completed.&#10;2022-06-10 15:55:23.785  INFO 15324 --- [    Test worker] o.s.b.a.h2.H2ConsoleAutoConfiguration    : H2 console available at '/h2-console'. Database available at 'jdbc:h2:file:../quizdb'&#10;2022-06-10 15:55:24.168  INFO 15324 --- [    Test worker] o.hibernate.jpa.internal.util.LogHelper  : HHH000204: Processing PersistenceUnitInfo [name: default]&#10;2022-06-10 15:55:24.282  INFO 15324 --- [    Test worker] org.hibernate.Version                    : HHH000412: Hibernate ORM core version 5.4.32.Final&#10;2022-06-10 15:55:24.606  INFO 15324 --- [    Test worker] o.hibernate.annotations.common.Version   : HCANN000001: Hibernate Commons Annotations {5.1.2.Final}&#10;2022-06-10 15:55:24.837  INFO 15324 --- [    Test worker] org.hibernate.dialect.Dialect            : HHH000400: Using dialect: org.hibernate.dialect.H2Dialect&#10;Hibernate: create table quiz (id integer not null, text varchar(255) not null, title varchar(255) not null, user_id bigint, primary key (id))&#10;Hibernate: create table quiz_answer (quiz_id integer not null, answer integer)&#10;Hibernate: create table quiz_options (quiz_id integer not null, options varchar(255))&#10;Hibernate: create table user (id bigint not null, email varchar(255) not null, password varchar(255) not null, role varchar(255), primary key (id))&#10;Hibernate: create sequence hibernate_sequence start with 1 increment by 1&#10;Hibernate: alter table quiz add constraint FK1tofsm1qynhakggx7ttqh8ihu foreign key (user_id) references user&#10;Hibernate: alter table quiz_answer add constraint FKoxi2td1x8cc3y4a0vlsg2hfnc foreign key (quiz_id) references quiz&#10;Hibernate: alter table quiz_options add constraint FKsx28j7orq6asg17veq9nblhw8 foreign key (quiz_id) references quiz&#10;2022-06-10 15:55:26.220  INFO 15324 --- [    Test worker] o.h.e.t.j.p.i.JtaPlatformInitiator       : HHH000490: Using JtaPlatform implementation: [org.hibernate.engine.transaction.jta.platform.internal.NoJtaPlatform]&#10;2022-06-10 15:55:26.236  INFO 15324 --- [    Test worker] j.LocalContainerEntityManagerFactoryBean : Initialized JPA EntityManagerFactory for persistence unit 'default'&#10;2022-06-10 15:55:27.038  WARN 15324 --- [    Test worker] JpaBaseConfiguration$JpaWebConfiguration : spring.jpa.open-in-view is enabled by default. Therefore, database queries may be performed during view rendering. Explicitly configure spring.jpa.open-in-view to disable this warning&#10;2022-06-10 15:55:27.364  INFO 15324 --- [    Test worker] o.s.s.web.DefaultSecurityFilterChain     : Will secure any request with [org.springframework.security.web.context.request.async.WebAsyncManagerIntegrationFilter@202d1424, org.springframework.security.web.context.SecurityContextPersistenceFilter@3ce2c5f6, org.springframework.security.web.header.HeaderWriterFilter@79d3c655, org.springframework.security.web.authentication.logout.LogoutFilter@6ace3, org.springframework.security.web.authentication.www.BasicAuthenticationFilter@6eb332d1, org.springframework.security.web.savedrequest.RequestCacheAwareFilter@744673f3, org.springframework.security.web.servletapi.SecurityContextHolderAwareRequestFilter@a36ff0b, org.springframework.security.web.authentication.AnonymousAuthenticationFilter@1256925b, org.springframework.security.web.session.SessionManagementFilter@5dd12c19, org.springframework.security.web.access.ExceptionTranslationFilter@188058fb, org.springframework.security.web.access.intercept.FilterSecurityInterceptor@20d92f1e]&#10;2022-06-10 15:55:28.262  INFO 15324 --- [    Test worker] o.s.b.a.e.web.EndpointLinksResolver      : Exposing 14 endpoint(s) beneath base path '/actuator'&#10;2022-06-10 15:55:28.326  INFO 15324 --- [    Test worker] o.s.b.w.embedded.tomcat.TomcatWebServer  : Tomcat started on port(s): 8889 (http) with context path ''&#10;2022-06-10 15:55:28.346  INFO 15324 --- [    Test worker] engine.WebQuizEngine                     : Started WebQuizEngine in 9.205 seconds (JVM running for 10.972)&#10;2022-06-10 15:55:28.991  INFO 15324 --- [nio-8889-exec-1] o.a.c.c.C.[Tomcat].[localhost].[/]       : Initializing Spring DispatcherServlet 'dispatcherServlet'&#10;2022-06-10 15:55:28.991  INFO 15324 --- [nio-8889-exec-1] o.s.web.servlet.DispatcherServlet        : Initializing Servlet 'dispatcherServlet'&#10;2022-06-10 15:55:28.994  INFO 15324 --- [nio-8889-exec-1] o.s.web.servlet.DispatcherServlet        : Completed initialization in 2 ms&#10;GLEDAJ VAMO!User{id=null, email='test@google.com', password='qwerty', role='null'}&#10;Hibernate: select user0_.id as id1_3_, user0_.email as email2_3_, user0_.password as password3_3_, user0_.role as role4_3_ from user user0_ where user0_.email=?&#10;Hibernate: call next value for hibernate_sequence&#10;Hibernate: insert into user (email, password, role, id) values (?, ?, ?, ?)&#10;GLEDAJ VAMO!User{id=null, email='user@google.com', password='12345', role='null'}&#10;Hibernate: select user0_.id as id1_3_, user0_.email as email2_3_, user0_.password as password3_3_, user0_.role as role4_3_ from user user0_ where user0_.email=?&#10;Hibernate: call next value for hibernate_sequence&#10;Hibernate: insert into user (email, password, role, id) values (?, ?, ?, ?)&#10;2022-06-10 15:55:30.003  WARN 15324 --- [nio-8889-exec-3] .w.s.m.s.DefaultHandlerExceptionResolver : Resolved [org.springframework.web.bind.MethodArgumentNotValidException: Validation failed for argument [0] in public void engine.contoller.QuizController.registerUser(engine.entity.User): [Field error in object 'user' on field 'email': rejected value [google.com]; codes [Email.user.email,Email.email,Email.java.lang.String,Email]; arguments [org.springframework.context.support.DefaultMessageSourceResolvable: codes [user.email,email]; arguments []; default message [email],[Ljavax.validation.constraints.Pattern$Flag;@6b6d6e59,.+@.+\..+]; default message [must be a well-formed email address]] ]&#10;2022-06-10 15:55:30.071  WARN 15324 --- [nio-8889-exec-4] .w.s.m.s.DefaultHandlerExceptionResolver : Resolved [org.springframework.web.bind.MethodArgumentNotValidException: Validation failed for argument [0] in public void engine.contoller.QuizController.registerUser(engine.entity.User): [Field error in object 'user' on field 'email': rejected value [well@googlecom]; codes [Email.user.email,Email.email,Email.java.lang.String,Email]; arguments [org.springframework.context.support.DefaultMessageSourceResolvable: codes [user.email,email]; arguments []; default message [email],[Ljavax.validation.constraints.Pattern$Flag;@6b6d6e59,.+@.+\..+]; default message [must be a well-formed email address]] ]&#10;GLEDAJ VAMO!User{id=null, email='test@google.com', password='rtyfgcxsfd1', role='null'}&#10;Hibernate: select user0_.id as id1_3_, user0_.email as email2_3_, user0_.password as password3_3_, user0_.role as role4_3_ from user user0_ where user0_.email=?&#10;2022-06-10 15:55:30.124  WARN 15324 --- [nio-8889-exec-6] .w.s.m.s.DefaultHandlerExceptionResolver : Resolved [org.springframework.web.bind.MethodArgumentNotValidException: Validation failed for argument [0] in public void engine.contoller.QuizController.registerUser(engine.entity.User): [Field error in object 'user' on field 'password': rejected value [1234]; codes [Size.user.password,Size.password,Size.java.lang.String,Size]; arguments [org.springframework.context.support.DefaultMessageSourceResolvable: codes [user.password,password]; arguments []; default message [password],2147483647,5]; default message [size must be between 5 and 2147483647]] ]&#10;2022-06-10 15:55:30.140  WARN 15324 --- [nio-8889-exec-7] .w.s.m.s.DefaultHandlerExceptionResolver : Resolved [org.springframework.web.bind.MethodArgumentNotValidException: Validation failed for argument [0] in public void engine.contoller.QuizController.registerUser(engine.entity.User): [Field error in object 'user' on field 'password': rejected value [123]; codes [Size.user.password,Size.password,Size.java.lang.String,Size]; arguments [org.springframework.context.support.DefaultMessageSourceResolvable: codes [user.password,password]; arguments []; default message [password],2147483647,5]; default message [size must be between 5 and 2147483647]] ]&#10;Hibernate: select user0_.id as id1_3_, user0_.email as email2_3_, user0_.password as password3_3_, user0_.role as role4_3_ from user user0_ where user0_.email=?&#10;Hibernate: select quiz0_.id as id1_0_, quiz0_.text as text2_0_, quiz0_.title as title3_0_, quiz0_.user_id as user_id4_0_ from quiz quiz0_ order by quiz0_.id asc limit ?" type="java.lang.AssertionError">java.lang.AssertionError: Wrong answer in test #8

The JSON array should be object, found array

Full JSON:
[]

Please find below the output of your program during this failed test.

---

.   ____          _            __ _ _
 /\\ / ___'_ __ _ _(_)_ __  __ _ \ \ \ \
( ( )\___ | '_ | '_| | '_ \/ _` | \ \ \ \
 \\/  ___)| |_)| | | | | || (_| |  ) ) ) )
  '  |____| .__|_| |_|_| |_\__, | / / / /
 =========|_|==============|___/=/_/_/_/
 :: Spring Boot ::                (v2.5.6)

2022-06-10 15:55:19.832  INFO 15324 --- [    Test worker] engine.WebQuizEngine                     : Starting WebQuizEngine using Java 17.0.1 on Marvin with PID 15324 (started by Marvin in C:\Users\Marvin\Desktop\peti\Web Quiz Engine\Web Quiz Engine\task)
2022-06-10 15:55:19.837  INFO 15324 --- [    Test worker] engine.WebQuizEngine                     : No active profile set, falling back to default profiles: default
2022-06-10 15:55:21.769  INFO 15324 --- [    Test worker] .s.d.r.c.RepositoryConfigurationDelegate : Bootstrapping Spring Data JPA repositories in DEFAULT mode.
2022-06-10 15:55:21.908  INFO 15324 --- [    Test worker] .s.d.r.c.RepositoryConfigurationDelegate : Finished Spring Data repository scanning in 122 ms. Found 2 JPA repository interfaces.
2022-06-10 15:55:22.950  INFO 15324 --- [    Test worker] o.s.b.w.embedded.tomcat.TomcatWebServer  : Tomcat initialized with port(s): 8889 (http)
2022-06-10 15:55:22.971  INFO 15324 --- [    Test worker] o.apache.catalina.core.StandardService   : Starting service [Tomcat]
2022-06-10 15:55:22.972  INFO 15324 --- [    Test worker] org.apache.catalina.core.StandardEngine  : Starting Servlet engine: [Apache Tomcat/9.0.54]
2022-06-10 15:55:23.169  INFO 15324 --- [    Test worker] o.a.c.c.C.[Tomcat].[localhost].[/]       : Initializing Spring embedded WebApplicationContext
2022-06-10 15:55:23.169  INFO 15324 --- [    Test worker] w.s.c.ServletWebServerApplicationContext : Root WebApplicationContext: initialization completed in 3222 ms
2022-06-10 15:55:23.410  INFO 15324 --- [    Test worker] com.zaxxer.hikari.HikariDataSource       : HikariPool-1 - Starting...
2022-06-10 15:55:23.773  INFO 15324 --- [    Test worker] com.zaxxer.hikari.HikariDataSource       : HikariPool-1 - Start completed.
2022-06-10 15:55:23.785  INFO 15324 --- [    Test worker] o.s.b.a.h2.H2ConsoleAutoConfiguration    : H2 console available at '/h2-console'. Database available at 'jdbc:h2:file:../quizdb'
2022-06-10 15:55:24.168  INFO 15324 --- [    Test worker] o.hibernate.jpa.internal.util.LogHelper  : HHH000204: Processing PersistenceUnitInfo [name: default]
2022-06-10 15:55:24.282  INFO 15324 --- [    Test worker] org.hibernate.Version                    : HHH000412: Hibernate ORM core version 5.4.32.Final
2022-06-10 15:55:24.606  INFO 15324 --- [    Test worker] o.hibernate.annotations.common.Version   : HCANN000001: Hibernate Commons Annotations {5.1.2.Final}
2022-06-10 15:55:24.837  INFO 15324 --- [    Test worker] org.hibernate.dialect.Dialect            : HHH000400: Using dialect: org.hibernate.dialect.H2Dialect
Hibernate: create table quiz (id integer not null, text varchar(255) not null, title varchar(255) not null, user_id bigint, primary key (id))
Hibernate: create table quiz_answer (quiz_id integer not null, answer integer)
Hibernate: create table quiz_options (quiz_id integer not null, options varchar(255))
Hibernate: create table user (id bigint not null, email varchar(255) not null, password varchar(255) not null, role varchar(255), primary key (id))
Hibernate: create sequence hibernate_sequence start with 1 increment by 1
Hibernate: alter table quiz add constraint FK1tofsm1qynhakggx7ttqh8ihu foreign key (user_id) references user
Hibernate: alter table quiz_answer add constraint FKoxi2td1x8cc3y4a0vlsg2hfnc foreign key (quiz_id) references quiz
Hibernate: alter table quiz_options add constraint FKsx28j7orq6asg17veq9nblhw8 foreign key (quiz_id) references quiz
2022-06-10 15:55:26.220  INFO 15324 --- [    Test worker] o.h.e.t.j.p.i.JtaPlatformInitiator       : HHH000490: Using JtaPlatform implementation: [org.hibernate.engine.transaction.jta.platform.internal.NoJtaPlatform]
2022-06-10 15:55:26.236  INFO 15324 --- [    Test worker] j.LocalContainerEntityManagerFactoryBean : Initialized JPA EntityManagerFactory for persistence unit 'default'
2022-06-10 15:55:27.038  WARN 15324 --- [    Test worker] JpaBaseConfiguration$JpaWebConfiguration : spring.jpa.open-in-view is enabled by default. Therefore, database queries may be performed during view rendering. Explicitly configure spring.jpa.open-in-view to disable this warning
2022-06-10 15:55:27.364  INFO 15324 --- [    Test worker] o.s.s.web.DefaultSecurityFilterChain     : Will secure any request with [org.springframework.security.web.context.request.async.WebAsyncManagerIntegrationFilter@202d1424, org.springframework.security.web.context.SecurityContextPersistenceFilter@3ce2c5f6, org.springframework.security.web.header.HeaderWriterFilter@79d3c655, org.springframework.security.web.authentication.logout.LogoutFilter@6ace3, org.springframework.security.web.authentication.www.BasicAuthenticationFilter@6eb332d1, org.springframework.security.web.savedrequest.RequestCacheAwareFilter@744673f3, org.springframework.security.web.servletapi.SecurityContextHolderAwareRequestFilter@a36ff0b, org.springframework.security.web.authentication.AnonymousAuthenticationFilter@1256925b, org.springframework.security.web.session.SessionManagementFilter@5dd12c19, org.springframework.security.web.access.ExceptionTranslationFilter@188058fb, org.springframework.security.web.access.intercept.FilterSecurityInterceptor@20d92f1e]
2022-06-10 15:55:28.262  INFO 15324 --- [    Test worker] o.s.b.a.e.web.EndpointLinksResolver      : Exposing 14 endpoint(s) beneath base path '/actuator'
2022-06-10 15:55:28.326  INFO 15324 --- [    Test worker] o.s.b.w.embedded.tomcat.TomcatWebServer  : Tomcat started on port(s): 8889 (http) with context path ''
2022-06-10 15:55:28.346  INFO 15324 --- [    Test worker] engine.WebQuizEngine                     : Started WebQuizEngine in 9.205 seconds (JVM running for 10.972)
2022-06-10 15:55:28.991  INFO 15324 --- [nio-8889-exec-1] o.a.c.c.C.[Tomcat].[localhost].[/]       : Initializing Spring DispatcherServlet 'dispatcherServlet'
2022-06-10 15:55:28.991  INFO 15324 --- [nio-8889-exec-1] o.s.web.servlet.DispatcherServlet        : Initializing Servlet 'dispatcherServlet'
2022-06-10 15:55:28.994  INFO 15324 --- [nio-8889-exec-1] o.s.web.servlet.DispatcherServlet        : Completed initialization in 2 ms
GLEDAJ VAMO!User{id=null, email='test@google.com', password='qwerty', role='null'}
Hibernate: select user0_.id as id1_3_, user0_.email as email2_3_, user0_.password as password3_3_, user0_.role as role4_3_ from user user0_ where user0_.email=?
Hibernate: call next value for hibernate_sequence
Hibernate: insert into user (email, password, role, id) values (?, ?, ?, ?)
GLEDAJ VAMO!User{id=null, email='user@google.com', password='12345', role='null'}
Hibernate: select user0_.id as id1_3_, user0_.email as email2_3_, user0_.password as password3_3_, user0_.role as role4_3_ from user user0_ where user0_.email=?
Hibernate: call next value for hibernate_sequence
Hibernate: insert into user (email, password, role, id) values (?, ?, ?, ?)
2022-06-10 15:55:30.003  WARN 15324 --- [nio-8889-exec-3] .w.s.m.s.DefaultHandlerExceptionResolver : Resolved [org.springframework.web.bind.MethodArgumentNotValidException: Validation failed for argument [0] in public void engine.contoller.QuizController.registerUser(engine.entity.User): [Field error in object 'user' on field 'email': rejected value [google.com]; codes [Email.user.email,Email.email,Email.java.lang.String,Email]; arguments [org.springframework.context.support.DefaultMessageSourceResolvable: codes [user.email,email]; arguments []; default message [email],[Ljavax.validation.constraints.Pattern$Flag;@6b6d6e59,.+@.+\..+]; default message [must be a well-formed email address]] ]
2022-06-10 15:55:30.071  WARN 15324 --- [nio-8889-exec-4] .w.s.m.s.DefaultHandlerExceptionResolver : Resolved [org.springframework.web.bind.MethodArgumentNotValidException: Validation failed for argument [0] in public void engine.contoller.QuizController.registerUser(engine.entity.User): [Field error in object 'user' on field 'email': rejected value [well@googlecom]; codes [Email.user.email,Email.email,Email.java.lang.String,Email]; arguments [org.springframework.context.support.DefaultMessageSourceResolvable: codes [user.email,email]; arguments []; default message [email],[Ljavax.validation.constraints.Pattern$Flag;@6b6d6e59,.+@.+\..+]; default message [must be a well-formed email address]] ]
GLEDAJ VAMO!User{id=null, email='test@google.com', password='rtyfgcxsfd1', role='null'}
Hibernate: select user0_.id as id1_3_, user0_.email as email2_3_, user0_.password as password3_3_, user0_.role as role4_3_ from user user0_ where user0_.email=?
2022-06-10 15:55:30.124  WARN 15324 --- [nio-8889-exec-6] .w.s.m.s.DefaultHandlerExceptionResolver : Resolved [org.springframework.web.bind.MethodArgumentNotValidException: Validation failed for argument [0] in public void engine.contoller.QuizController.registerUser(engine.entity.User): [Field error in object 'user' on field 'password': rejected value [1234]; codes [Size.user.password,Size.password,Size.java.lang.String,Size]; arguments [org.springframework.context.support.DefaultMessageSourceResolvable: codes [user.password,password]; arguments []; default message [password],2147483647,5]; default message [size must be between 5 and 2147483647]] ]
2022-06-10 15:55:30.140  WARN 15324 --- [nio-8889-exec-7] .w.s.m.s.DefaultHandlerExceptionResolver : Resolved [org.springframework.web.bind.MethodArgumentNotValidException: Validation failed for argument [0] in public void engine.contoller.QuizController.registerUser(engine.entity.User): [Field error in object 'user' on field 'password': rejected value [123]; codes [Size.user.password,Size.password,Size.java.lang.String,Size]; arguments [org.springframework.context.support.DefaultMessageSourceResolvable: codes [user.password,password]; arguments []; default message [password],2147483647,5]; default message [size must be between 5 and 2147483647]] ]
Hibernate: select user0_.id as id1_3_, user0_.email as email2_3_, user0_.password as password3_3_, user0_.role as role4_3_ from user user0_ where user0_.email=?
Hibernate: select quiz0_.id as id1_0_, quiz0_.text as text2_0_, quiz0_.title as title3_0_, quiz0_.user_id as user_id4_0_ from quiz quiz0_ order by quiz0_.id asc limit ?
	at org.junit.Assert.fail(Assert.java:89)
	at org.hyperskill.hstest.stage.StageTest.start(StageTest.java:155)
	at java.base/jdk.internal.reflect.NativeMethodAccessorImpl.invoke0(Native Method)
	at java.base/jdk.internal.reflect.NativeMethodAccessorImpl.invoke(NativeMethodAccessorImpl.java:77)
	at java.base/jdk.internal.reflect.DelegatingMethodAccessorImpl.invoke(DelegatingMethodAccessorImpl.java:43)
	at java.base/java.lang.reflect.Method.invoke(Method.java:568)
	at org.junit.runners.model.FrameworkMethod$1.runReflectiveCall(FrameworkMethod.java:59)
	at org.junit.internal.runners.model.ReflectiveCallable.run(ReflectiveCallable.java:12)
	at org.junit.runners.model.FrameworkMethod.invokeExplosively(FrameworkMethod.java:56)
	at org.junit.internal.runners.statements.InvokeMethod.evaluate(InvokeMethod.java:17)
	at org.junit.internal.runners.statements.RunAfters.evaluate(RunAfters.java:27)
	at org.junit.runners.ParentRunner$3.evaluate(ParentRunner.java:306)
	at org.junit.runners.BlockJUnit4ClassRunner$1.evaluate(BlockJUnit4ClassRunner.java:100)
	at org.junit.runners.ParentRunner.runLeaf(ParentRunner.java:366)
	at org.junit.runners.BlockJUnit4ClassRunner.runChild(BlockJUnit4ClassRunner.java:103)
	at org.junit.runners.BlockJUnit4ClassRunner.runChild(BlockJUnit4ClassRunner.java:63)
	at org.junit.runners.ParentRunner$4.run(ParentRunner.java:331)
	at org.junit.runners.ParentRunner$1.schedule(ParentRunner.java:79)
	at org.junit.runners.ParentRunner.runChildren(ParentRunner.java:329)
	at org.junit.runners.ParentRunner.access$100(ParentRunner.java:66)
	at org.junit.runners.ParentRunner$2.evaluate(ParentRunner.java:293)
	at org.junit.runners.ParentRunner$3.evaluate(ParentRunner.java:306)
	at org.junit.runners.ParentRunner.run(ParentRunner.java:413)
	at org.gradle.api.internal.tasks.testing.junit.JUnitTestClassExecutor.runTestClass(JUnitTestClassExecutor.java:110)
	at org.gradle.api.internal.tasks.testing.junit.JUnitTestClassExecutor.execute(JUnitTestClassExecutor.java:58)
	at org.gradle.api.internal.tasks.testing.junit.JUnitTestClassExecutor.execute(JUnitTestClassExecutor.java:38)
	at org.gradle.api.internal.tasks.testing.junit.AbstractJUnitTestClassProcessor.processTestClass(AbstractJUnitTestClassProcessor.java:62)
	at org.gradle.api.internal.tasks.testing.SuiteTestClassProcessor.processTestClass(SuiteTestClassProcessor.java:51)
	at java.base/jdk.internal.reflect.NativeMethodAccessorImpl.invoke0(Native Method)
	at java.base/jdk.internal.reflect.NativeMethodAccessorImpl.invoke(NativeMethodAccessorImpl.java:77)
	at java.base/jdk.internal.reflect.DelegatingMethodAccessorImpl.invoke(DelegatingMethodAccessorImpl.java:43)
	at java.base/java.lang.reflect.Method.invoke(Method.java:568)
	at org.gradle.internal.dispatch.ReflectionDispatch.dispatch(ReflectionDispatch.java:36)
	at org.gradle.internal.dispatch.ReflectionDispatch.dispatch(ReflectionDispatch.java:24)
	at org.gradle.internal.dispatch.ContextClassLoaderDispatch.dispatch(ContextClassLoaderDispatch.java:33)
	at org.gradle.internal.dispatch.ProxyDispatchAdapter$DispatchingInvocationHandler.invoke(ProxyDispatchAdapter.java:94)
	at jdk.proxy1/jdk.proxy1.$Proxy2.processTestClass(Unknown Source)
	at org.gradle.api.internal.tasks.testing.worker.TestWorker$2.run(TestWorker.java:176)
	at org.gradle.api.internal.tasks.testing.worker.TestWorker.executeAndMaintainThreadName(TestWorker.java:129)
	at org.gradle.api.internal.tasks.testing.worker.TestWorker.execute(TestWorker.java:100)
	at org.gradle.api.internal.tasks.testing.worker.TestWorker.execute(TestWorker.java:60)
	at org.gradle.process.internal.worker.child.ActionExecutionWorker.execute(ActionExecutionWorker.java:56)
	at org.gradle.process.internal.worker.child.SystemApplicationClassLoaderWorker.call(SystemApplicationClassLoaderWorker.java:133)
	at org.gradle.process.internal.worker.child.SystemApplicationClassLoaderWorker.call(SystemApplicationClassLoaderWorker.java:71)
	at worker.org.gradle.process.internal.worker.GradleWorkerMain.run(GradleWorkerMain.java:69)
	at worker.org.gradle.process.internal.worker.GradleWorkerMain.main(GradleWorkerMain.java:74)
</failure>
  </testcase>
  <system-out><![CDATA[?[1;31m
Start test 1?[0m

  .   ____          _            __ _ _
 /\\ / ___'_ __ _ _(_)_ __  __ _ \ \ \ \
( ( )\___ | '_ | '_| | '_ \/ _` | \ \ \ \
 \\/  ___)| |_)| | | | | || (_| |  ) ) ) )
  '  |____| .__|_| |_|_| |_\__, | / / / /
 =========|_|==============|___/=/_/_/_/
 :: Spring Boot ::                (v2.5.6)

2022-06-10 15:55:19.832  INFO 15324 --- [    Test worker] engine.WebQuizEngine                     : Starting WebQuizEngine using Java 17.0.1 on Marvin with PID 15324 (started by Marvin in C:\Users\Marvin\Desktop\peti\Web Quiz Engine\Web Quiz Engine\task)
2022-06-10 15:55:19.837  INFO 15324 --- [    Test worker] engine.WebQuizEngine                     : No active profile set, falling back to default profiles: default
2022-06-10 15:55:21.769  INFO 15324 --- [    Test worker] .s.d.r.c.RepositoryConfigurationDelegate : Bootstrapping Spring Data JPA repositories in DEFAULT mode.
2022-06-10 15:55:21.908  INFO 15324 --- [    Test worker] .s.d.r.c.RepositoryConfigurationDelegate : Finished Spring Data repository scanning in 122 ms. Found 2 JPA repository interfaces.
2022-06-10 15:55:22.950  INFO 15324 --- [    Test worker] o.s.b.w.embedded.tomcat.TomcatWebServer  : Tomcat initialized with port(s): 8889 (http)
2022-06-10 15:55:22.971  INFO 15324 --- [    Test worker] o.apache.catalina.core.StandardService   : Starting service [Tomcat]
2022-06-10 15:55:22.972  INFO 15324 --- [    Test worker] org.apache.catalina.core.StandardEngine  : Starting Servlet engine: [Apache Tomcat/9.0.54]
2022-06-10 15:55:23.169  INFO 15324 --- [    Test worker] o.a.c.c.C.[Tomcat].[localhost].[/]       : Initializing Spring embedded WebApplicationContext
2022-06-10 15:55:23.169  INFO 15324 --- [    Test worker] w.s.c.ServletWebServerApplicationContext : Root WebApplicationContext: initialization completed in 3222 ms
2022-06-10 15:55:23.410  INFO 15324 --- [    Test worker] com.zaxxer.hikari.HikariDataSource       : HikariPool-1 - Starting...
2022-06-10 15:55:23.773  INFO 15324 --- [    Test worker] com.zaxxer.hikari.HikariDataSource       : HikariPool-1 - Start completed.
2022-06-10 15:55:23.785  INFO 15324 --- [    Test worker] o.s.b.a.h2.H2ConsoleAutoConfiguration    : H2 console available at '/h2-console'. Database available at 'jdbc:h2:file:../quizdb'
2022-06-10 15:55:24.168  INFO 15324 --- [    Test worker] o.hibernate.jpa.internal.util.LogHelper  : HHH000204: Processing PersistenceUnitInfo [name: default]
2022-06-10 15:55:24.282  INFO 15324 --- [    Test worker] org.hibernate.Version                    : HHH000412: Hibernate ORM core version 5.4.32.Final
2022-06-10 15:55:24.606  INFO 15324 --- [    Test worker] o.hibernate.annotations.common.Version   : HCANN000001: Hibernate Commons Annotations {5.1.2.Final}
2022-06-10 15:55:24.837  INFO 15324 --- [    Test worker] org.hibernate.dialect.Dialect            : HHH000400: Using dialect: org.hibernate.dialect.H2Dialect
Hibernate: create table quiz (id integer not null, text varchar(255) not null, title varchar(255) not null, user_id bigint, primary key (id))
Hibernate: create table quiz_answer (quiz_id integer not null, answer integer)
Hibernate: create table quiz_options (quiz_id integer not null, options varchar(255))
Hibernate: create table user (id bigint not null, email varchar(255) not null, password varchar(255) not null, role varchar(255), primary key (id))
Hibernate: create sequence hibernate_sequence start with 1 increment by 1
Hibernate: alter table quiz add constraint FK1tofsm1qynhakggx7ttqh8ihu foreign key (user_id) references user
Hibernate: alter table quiz_answer add constraint FKoxi2td1x8cc3y4a0vlsg2hfnc foreign key (quiz_id) references quiz
Hibernate: alter table quiz_options add constraint FKsx28j7orq6asg17veq9nblhw8 foreign key (quiz_id) references quiz
2022-06-10 15:55:26.220  INFO 15324 --- [    Test worker] o.h.e.t.j.p.i.JtaPlatformInitiator       : HHH000490: Using JtaPlatform implementation: [org.hibernate.engine.transaction.jta.platform.internal.NoJtaPlatform]
2022-06-10 15:55:26.236  INFO 15324 --- [    Test worker] j.LocalContainerEntityManagerFactoryBean : Initialized JPA EntityManagerFactory for persistence unit 'default'
2022-06-10 15:55:27.038  WARN 15324 --- [    Test worker] JpaBaseConfiguration$JpaWebConfiguration : spring.jpa.open-in-view is enabled by default. Therefore, database queries may be performed during view rendering. Explicitly configure spring.jpa.open-in-view to disable this warning
2022-06-10 15:55:27.364  INFO 15324 --- [    Test worker] o.s.s.web.DefaultSecurityFilterChain     : Will secure any request with [org.springframework.security.web.context.request.async.WebAsyncManagerIntegrationFilter@202d1424, org.springframework.security.web.context.SecurityContextPersistenceFilter@3ce2c5f6, org.springframework.security.web.header.HeaderWriterFilter@79d3c655, org.springframework.security.web.authentication.logout.LogoutFilter@6ace3, org.springframework.security.web.authentication.www.BasicAuthenticationFilter@6eb332d1, org.springframework.security.web.savedrequest.RequestCacheAwareFilter@744673f3, org.springframework.security.web.servletapi.SecurityContextHolderAwareRequestFilter@a36ff0b, org.springframework.security.web.authentication.AnonymousAuthenticationFilter@1256925b, org.springframework.security.web.session.SessionManagementFilter@5dd12c19, org.springframework.security.web.access.ExceptionTranslationFilter@188058fb, org.springframework.security.web.access.intercept.FilterSecurityInterceptor@20d92f1e]
2022-06-10 15:55:28.262  INFO 15324 --- [    Test worker] o.s.b.a.e.web.EndpointLinksResolver      : Exposing 14 endpoint(s) beneath base path '/actuator'
2022-06-10 15:55:28.326  INFO 15324 --- [    Test worker] o.s.b.w.embedded.tomcat.TomcatWebServer  : Tomcat started on port(s): 8889 (http) with context path ''
2022-06-10 15:55:28.346  INFO 15324 --- [    Test worker] engine.WebQuizEngine                     : Started WebQuizEngine in 9.205 seconds (JVM running for 10.972)
2022-06-10 15:55:28.991  INFO 15324 --- [nio-8889-exec-1] o.a.c.c.C.[Tomcat].[localhost].[/]       : Initializing Spring DispatcherServlet 'dispatcherServlet'
2022-06-10 15:55:28.991  INFO 15324 --- [nio-8889-exec-1] o.s.web.servlet.DispatcherServlet        : Initializing Servlet 'dispatcherServlet'
2022-06-10 15:55:28.994  INFO 15324 --- [nio-8889-exec-1] o.s.web.servlet.DispatcherServlet        : Completed initialization in 2 ms
GLEDAJ VAMO!User{id=null, email='test@google.com', password='qwerty', role='null'}
Hibernate: select user0_.id as id1_3_, user0_.email as email2_3_, user0_.password as password3_3_, user0_.role as role4_3_ from user user0_ where user0_.email=?
Hibernate: call next value for hibernate_sequence
Hibernate: insert into user (email, password, role, id) values (?, ?, ?, ?)
?[1;31m
Start test 2?[0m
GLEDAJ VAMO!User{id=null, email='user@google.com', password='12345', role='null'}
Hibernate: select user0_.id as id1_3_, user0_.email as email2_3_, user0_.password as password3_3_, user0_.role as role4_3_ from user user0_ where user0_.email=?
Hibernate: call next value for hibernate_sequence
Hibernate: insert into user (email, password, role, id) values (?, ?, ?, ?)
?[1;31m
Start test 3?[0m
2022-06-10 15:55:30.003  WARN 15324 --- [nio-8889-exec-3] .w.s.m.s.DefaultHandlerExceptionResolver : Resolved [org.springframework.web.bind.MethodArgumentNotValidException: Validation failed for argument [0] in public void engine.contoller.QuizController.registerUser(engine.entity.User): [Field error in object 'user' on field 'email': rejected value [google.com]; codes [Email.user.email,Email.email,Email.java.lang.String,Email]; arguments [org.springframework.context.support.DefaultMessageSourceResolvable: codes [user.email,email]; arguments []; default message [email],[Ljavax.validation.constraints.Pattern$Flag;@6b6d6e59,.+@.+\..+]; default message [must be a well-formed email address]] ]
?[1;31m
Start test 4?[0m
2022-06-10 15:55:30.071  WARN 15324 --- [nio-8889-exec-4] .w.s.m.s.DefaultHandlerExceptionResolver : Resolved [org.springframework.web.bind.MethodArgumentNotValidException: Validation failed for argument [0] in public void engine.contoller.QuizController.registerUser(engine.entity.User): [Field error in object 'user' on field 'email': rejected value [well@googlecom]; codes [Email.user.email,Email.email,Email.java.lang.String,Email]; arguments [org.springframework.context.support.DefaultMessageSourceResolvable: codes [user.email,email]; arguments []; default message [email],[Ljavax.validation.constraints.Pattern$Flag;@6b6d6e59,.+@.+\..+]; default message [must be a well-formed email address]] ]
?[1;31m
Start test 5?[0m
GLEDAJ VAMO!User{id=null, email='test@google.com', password='rtyfgcxsfd1', role='null'}
Hibernate: select user0_.id as id1_3_, user0_.email as email2_3_, user0_.password as password3_3_, user0_.role as role4_3_ from user user0_ where user0_.email=?
?[1;31m
Start test 6?[0m
2022-06-10 15:55:30.124  WARN 15324 --- [nio-8889-exec-6] .w.s.m.s.DefaultHandlerExceptionResolver : Resolved [org.springframework.web.bind.MethodArgumentNotValidException: Validation failed for argument [0] in public void engine.contoller.QuizController.registerUser(engine.entity.User): [Field error in object 'user' on field 'password': rejected value [1234]; codes [Size.user.password,Size.password,Size.java.lang.String,Size]; arguments [org.springframework.context.support.DefaultMessageSourceResolvable: codes [user.password,password]; arguments []; default message [password],2147483647,5]; default message [size must be between 5 and 2147483647]] ]
?[1;31m
Start test 7?[0m
2022-06-10 15:55:30.140  WARN 15324 --- [nio-8889-exec-7] .w.s.m.s.DefaultHandlerExceptionResolver : Resolved [org.springframework.web.bind.MethodArgumentNotValidException: Validation failed for argument [0] in public void engine.contoller.QuizController.registerUser(engine.entity.User): [Field error in object 'user' on field 'password': rejected value [123]; codes [Size.user.password,Size.password,Size.java.lang.String,Size]; arguments [org.springframework.context.support.DefaultMessageSourceResolvable: codes [user.password,password]; arguments []; default message [password],2147483647,5]; default message [size must be between 5 and 2147483647]] ]
?[1;31m
Start test 8?[0m
Hibernate: select user0_.id as id1_3_, user0_.email as email2_3_, user0_.password as password3_3_, user0_.role as role4_3_ from user user0_ where user0_.email=?
Hibernate: select quiz0_.id as id1_0_, quiz0_.text as text2_0_, quiz0_.title as title3_0_, quiz0_.user_id as user_id4_0_ from quiz quiz0_ order by quiz0_.id asc limit ?
]]></system-out>
  <system-err><![CDATA[]]></system-err>
</testsuite>
