<?xml version="1.0" encoding="UTF-8"?>
<testsuite name="tests.WebQuizEngineTest" tests="1" skipped="0" failures="1" errors="0" timestamp="2022-06-09T15:50:25" hostname="MARVIN" time="30.338">
  <properties/>
  <testcase name="start" classname="tests.WebQuizEngineTest" time="30.338">
    <failure message="java.lang.AssertionError: Wrong answer in test #159&#10;&#10;DELETE /api/quizzes/4 should respond with status code 403, responded: 204&#10;&#10;Response body:&#10;&#10;Please find below the output of your program during this failed test.&#10;&#10;---&#10;&#10;[last 250 lines of output are shown, 519 skipped]&#10;Hibernate: select quiz0_.id as id1_0_, quiz0_.text as text2_0_, quiz0_.title as title3_0_ from quiz quiz0_&#10;Hibernate: select answer0_.quiz_id as quiz_id1_1_0_, answer0_.answer as answer2_1_0_ from quiz_answer answer0_ where answer0_.quiz_id=?&#10;[]&#10;[2]&#10;Hibernate: select user0_.id as id1_3_, user0_.email as email2_3_, user0_.password as password3_3_, user0_.role as role4_3_ from user user0_ where user0_.email=?&#10;Hibernate: select quiz0_.id as id1_0_, quiz0_.text as text2_0_, quiz0_.title as title3_0_ from quiz quiz0_&#10;Hibernate: select answer0_.quiz_id as quiz_id1_1_0_, answer0_.answer as answer2_1_0_ from quiz_answer answer0_ where answer0_.quiz_id=?&#10;[]&#10;[3]&#10;Hibernate: select user0_.id as id1_3_, user0_.email as email2_3_, user0_.password as password3_3_, user0_.role as role4_3_ from user user0_ where user0_.email=?&#10;Hibernate: select quiz0_.id as id1_0_, quiz0_.text as text2_0_, quiz0_.title as title3_0_ from quiz quiz0_&#10;Hibernate: select answer0_.quiz_id as quiz_id1_1_0_, answer0_.answer as answer2_1_0_ from quiz_answer answer0_ where answer0_.quiz_id=?&#10;[]&#10;[0, 1]&#10;Hibernate: select user0_.id as id1_3_, user0_.email as email2_3_, user0_.password as password3_3_, user0_.role as role4_3_ from user user0_ where user0_.email=?&#10;Hibernate: select quiz0_.id as id1_0_, quiz0_.text as text2_0_, quiz0_.title as title3_0_ from quiz quiz0_&#10;Hibernate: select answer0_.quiz_id as quiz_id1_1_0_, answer0_.answer as answer2_1_0_ from quiz_answer answer0_ where answer0_.quiz_id=?&#10;[]&#10;[0, 2]&#10;Hibernate: select user0_.id as id1_3_, user0_.email as email2_3_, user0_.password as password3_3_, user0_.role as role4_3_ from user user0_ where user0_.email=?&#10;Hibernate: select quiz0_.id as id1_0_, quiz0_.text as text2_0_, quiz0_.title as title3_0_ from quiz quiz0_&#10;Hibernate: select answer0_.quiz_id as quiz_id1_1_0_, answer0_.answer as answer2_1_0_ from quiz_answer answer0_ where answer0_.quiz_id=?&#10;[]&#10;[0, 3]&#10;Hibernate: select user0_.id as id1_3_, user0_.email as email2_3_, user0_.password as password3_3_, user0_.role as role4_3_ from user user0_ where user0_.email=?&#10;Hibernate: select quiz0_.id as id1_0_, quiz0_.text as text2_0_, quiz0_.title as title3_0_ from quiz quiz0_&#10;Hibernate: select answer0_.quiz_id as quiz_id1_1_0_, answer0_.answer as answer2_1_0_ from quiz_answer answer0_ where answer0_.quiz_id=?&#10;[]&#10;[1, 2]&#10;Hibernate: select user0_.id as id1_3_, user0_.email as email2_3_, user0_.password as password3_3_, user0_.role as role4_3_ from user user0_ where user0_.email=?&#10;Hibernate: select quiz0_.id as id1_0_, quiz0_.text as text2_0_, quiz0_.title as title3_0_ from quiz quiz0_&#10;Hibernate: select answer0_.quiz_id as quiz_id1_1_0_, answer0_.answer as answer2_1_0_ from quiz_answer answer0_ where answer0_.quiz_id=?&#10;[]&#10;[1, 3]&#10;Hibernate: select user0_.id as id1_3_, user0_.email as email2_3_, user0_.password as password3_3_, user0_.role as role4_3_ from user user0_ where user0_.email=?&#10;Hibernate: select quiz0_.id as id1_0_, quiz0_.text as text2_0_, quiz0_.title as title3_0_ from quiz quiz0_&#10;Hibernate: select answer0_.quiz_id as quiz_id1_1_0_, answer0_.answer as answer2_1_0_ from quiz_answer answer0_ where answer0_.quiz_id=?&#10;[]&#10;[2, 3]&#10;Hibernate: select user0_.id as id1_3_, user0_.email as email2_3_, user0_.password as password3_3_, user0_.role as role4_3_ from user user0_ where user0_.email=?&#10;Hibernate: select quiz0_.id as id1_0_, quiz0_.text as text2_0_, quiz0_.title as title3_0_ from quiz quiz0_&#10;Hibernate: select answer0_.quiz_id as quiz_id1_1_0_, answer0_.answer as answer2_1_0_ from quiz_answer answer0_ where answer0_.quiz_id=?&#10;[]&#10;[0, 1, 2]&#10;Hibernate: select user0_.id as id1_3_, user0_.email as email2_3_, user0_.password as password3_3_, user0_.role as role4_3_ from user user0_ where user0_.email=?&#10;Hibernate: select quiz0_.id as id1_0_, quiz0_.text as text2_0_, quiz0_.title as title3_0_ from quiz quiz0_&#10;Hibernate: select answer0_.quiz_id as quiz_id1_1_0_, answer0_.answer as answer2_1_0_ from quiz_answer answer0_ where answer0_.quiz_id=?&#10;[]&#10;[0, 1, 3]&#10;Hibernate: select user0_.id as id1_3_, user0_.email as email2_3_, user0_.password as password3_3_, user0_.role as role4_3_ from user user0_ where user0_.email=?&#10;Hibernate: select quiz0_.id as id1_0_, quiz0_.text as text2_0_, quiz0_.title as title3_0_ from quiz quiz0_&#10;Hibernate: select answer0_.quiz_id as quiz_id1_1_0_, answer0_.answer as answer2_1_0_ from quiz_answer answer0_ where answer0_.quiz_id=?&#10;[]&#10;[1, 2, 3]&#10;Hibernate: select user0_.id as id1_3_, user0_.email as email2_3_, user0_.password as password3_3_, user0_.role as role4_3_ from user user0_ where user0_.email=?&#10;Hibernate: select quiz0_.id as id1_0_, quiz0_.text as text2_0_, quiz0_.title as title3_0_ from quiz quiz0_&#10;Hibernate: select answer0_.quiz_id as quiz_id1_1_0_, answer0_.answer as answer2_1_0_ from quiz_answer answer0_ where answer0_.quiz_id=?&#10;[]&#10;[0, 1, 2, 3]&#10;Hibernate: select user0_.id as id1_3_, user0_.email as email2_3_, user0_.password as password3_3_, user0_.role as role4_3_ from user user0_ where user0_.email=?&#10;Hibernate: call next value for hibernate_sequence&#10;Hibernate: insert into quiz (text, title, id) values (?, ?, ?)&#10;Hibernate: insert into quiz_answer (quiz_id, answer) values (?, ?)&#10;Hibernate: insert into quiz_answer (quiz_id, answer) values (?, ?)&#10;Hibernate: insert into quiz_answer (quiz_id, answer) values (?, ?)&#10;Hibernate: insert into quiz_options (quiz_id, options) values (?, ?)&#10;Hibernate: insert into quiz_options (quiz_id, options) values (?, ?)&#10;Hibernate: insert into quiz_options (quiz_id, options) values (?, ?)&#10;Hibernate: insert into quiz_options (quiz_id, options) values (?, ?)&#10;Hibernate: select user0_.id as id1_3_, user0_.email as email2_3_, user0_.password as password3_3_, user0_.role as role4_3_ from user user0_ where user0_.email=?&#10;Hibernate: select quiz0_.id as id1_0_0_, quiz0_.text as text2_0_0_, quiz0_.title as title3_0_0_ from quiz quiz0_ where quiz0_.id=?&#10;Hibernate: select options0_.quiz_id as quiz_id1_2_0_, options0_.options as options2_2_0_ from quiz_options options0_ where options0_.quiz_id=?&#10;Hibernate: select user0_.id as id1_3_, user0_.email as email2_3_, user0_.password as password3_3_, user0_.role as role4_3_ from user user0_ where user0_.email=?&#10;Hibernate: select quiz0_.id as id1_0_0_, quiz0_.text as text2_0_0_, quiz0_.title as title3_0_0_ from quiz quiz0_ where quiz0_.id=?&#10;Hibernate: select user0_.id as id1_3_, user0_.email as email2_3_, user0_.password as password3_3_, user0_.role as role4_3_ from user user0_ where user0_.email=?&#10;Hibernate: select quiz0_.id as id1_0_, quiz0_.text as text2_0_, quiz0_.title as title3_0_ from quiz quiz0_&#10;Hibernate: select answer0_.quiz_id as quiz_id1_1_0_, answer0_.answer as answer2_1_0_ from quiz_answer answer0_ where answer0_.quiz_id=?&#10;[0, 1, 3]&#10;[]&#10;Hibernate: select user0_.id as id1_3_, user0_.email as email2_3_, user0_.password as password3_3_, user0_.role as role4_3_ from user user0_ where user0_.email=?&#10;Hibernate: select quiz0_.id as id1_0_, quiz0_.text as text2_0_, quiz0_.title as title3_0_ from quiz quiz0_&#10;Hibernate: select answer0_.quiz_id as quiz_id1_1_0_, answer0_.answer as answer2_1_0_ from quiz_answer answer0_ where answer0_.quiz_id=?&#10;[0, 1, 3]&#10;[0]&#10;Hibernate: select user0_.id as id1_3_, user0_.email as email2_3_, user0_.password as password3_3_, user0_.role as role4_3_ from user user0_ where user0_.email=?&#10;Hibernate: select quiz0_.id as id1_0_, quiz0_.text as text2_0_, quiz0_.title as title3_0_ from quiz quiz0_&#10;Hibernate: select answer0_.quiz_id as quiz_id1_1_0_, answer0_.answer as answer2_1_0_ from quiz_answer answer0_ where answer0_.quiz_id=?&#10;[0, 1, 3]&#10;[1]&#10;Hibernate: select user0_.id as id1_3_, user0_.email as email2_3_, user0_.password as password3_3_, user0_.role as role4_3_ from user user0_ where user0_.email=?&#10;Hibernate: select quiz0_.id as id1_0_, quiz0_.text as text2_0_, quiz0_.title as title3_0_ from quiz quiz0_&#10;Hibernate: select answer0_.quiz_id as quiz_id1_1_0_, answer0_.answer as answer2_1_0_ from quiz_answer answer0_ where answer0_.quiz_id=?&#10;[0, 1, 3]&#10;[2]&#10;Hibernate: select user0_.id as id1_3_, user0_.email as email2_3_, user0_.password as password3_3_, user0_.role as role4_3_ from user user0_ where user0_.email=?&#10;Hibernate: select quiz0_.id as id1_0_, quiz0_.text as text2_0_, quiz0_.title as title3_0_ from quiz quiz0_&#10;Hibernate: select answer0_.quiz_id as quiz_id1_1_0_, answer0_.answer as answer2_1_0_ from quiz_answer answer0_ where answer0_.quiz_id=?&#10;[0, 1, 3]&#10;[3]&#10;Hibernate: select user0_.id as id1_3_, user0_.email as email2_3_, user0_.password as password3_3_, user0_.role as role4_3_ from user user0_ where user0_.email=?&#10;Hibernate: select quiz0_.id as id1_0_, quiz0_.text as text2_0_, quiz0_.title as title3_0_ from quiz quiz0_&#10;Hibernate: select answer0_.quiz_id as quiz_id1_1_0_, answer0_.answer as answer2_1_0_ from quiz_answer answer0_ where answer0_.quiz_id=?&#10;[0, 1, 3]&#10;[0, 1]&#10;Hibernate: select user0_.id as id1_3_, user0_.email as email2_3_, user0_.password as password3_3_, user0_.role as role4_3_ from user user0_ where user0_.email=?&#10;Hibernate: select quiz0_.id as id1_0_, quiz0_.text as text2_0_, quiz0_.title as title3_0_ from quiz quiz0_&#10;Hibernate: select answer0_.quiz_id as quiz_id1_1_0_, answer0_.answer as answer2_1_0_ from quiz_answer answer0_ where answer0_.quiz_id=?&#10;[0, 1, 3]&#10;[0, 2]&#10;Hibernate: select user0_.id as id1_3_, user0_.email as email2_3_, user0_.password as password3_3_, user0_.role as role4_3_ from user user0_ where user0_.email=?&#10;Hibernate: select quiz0_.id as id1_0_, quiz0_.text as text2_0_, quiz0_.title as title3_0_ from quiz quiz0_&#10;Hibernate: select answer0_.quiz_id as quiz_id1_1_0_, answer0_.answer as answer2_1_0_ from quiz_answer answer0_ where answer0_.quiz_id=?&#10;[0, 1, 3]&#10;[0, 3]&#10;Hibernate: select user0_.id as id1_3_, user0_.email as email2_3_, user0_.password as password3_3_, user0_.role as role4_3_ from user user0_ where user0_.email=?&#10;Hibernate: select quiz0_.id as id1_0_, quiz0_.text as text2_0_, quiz0_.title as title3_0_ from quiz quiz0_&#10;Hibernate: select answer0_.quiz_id as quiz_id1_1_0_, answer0_.answer as answer2_1_0_ from quiz_answer answer0_ where answer0_.quiz_id=?&#10;[0, 1, 3]&#10;[1, 2]&#10;Hibernate: select user0_.id as id1_3_, user0_.email as email2_3_, user0_.password as password3_3_, user0_.role as role4_3_ from user user0_ where user0_.email=?&#10;Hibernate: select quiz0_.id as id1_0_, quiz0_.text as text2_0_, quiz0_.title as title3_0_ from quiz quiz0_&#10;Hibernate: select answer0_.quiz_id as quiz_id1_1_0_, answer0_.answer as answer2_1_0_ from quiz_answer answer0_ where answer0_.quiz_id=?&#10;[0, 1, 3]&#10;[1, 3]&#10;Hibernate: select user0_.id as id1_3_, user0_.email as email2_3_, user0_.password as password3_3_, user0_.role as role4_3_ from user user0_ where user0_.email=?&#10;Hibernate: select quiz0_.id as id1_0_, quiz0_.text as text2_0_, quiz0_.title as title3_0_ from quiz quiz0_&#10;Hibernate: select answer0_.quiz_id as quiz_id1_1_0_, answer0_.answer as answer2_1_0_ from quiz_answer answer0_ where answer0_.quiz_id=?&#10;[0, 1, 3]&#10;[2, 3]&#10;Hibernate: select user0_.id as id1_3_, user0_.email as email2_3_, user0_.password as password3_3_, user0_.role as role4_3_ from user user0_ where user0_.email=?&#10;Hibernate: select quiz0_.id as id1_0_, quiz0_.text as text2_0_, quiz0_.title as title3_0_ from quiz quiz0_&#10;Hibernate: select answer0_.quiz_id as quiz_id1_1_0_, answer0_.answer as answer2_1_0_ from quiz_answer answer0_ where answer0_.quiz_id=?&#10;[0, 1, 3]&#10;[0, 1, 2]&#10;Hibernate: select user0_.id as id1_3_, user0_.email as email2_3_, user0_.password as password3_3_, user0_.role as role4_3_ from user user0_ where user0_.email=?&#10;Hibernate: select quiz0_.id as id1_0_, quiz0_.text as text2_0_, quiz0_.title as title3_0_ from quiz quiz0_&#10;Hibernate: select answer0_.quiz_id as quiz_id1_1_0_, answer0_.answer as answer2_1_0_ from quiz_answer answer0_ where answer0_.quiz_id=?&#10;[0, 1, 3]&#10;[0, 1, 3]&#10;Hibernate: select user0_.id as id1_3_, user0_.email as email2_3_, user0_.password as password3_3_, user0_.role as role4_3_ from user user0_ where user0_.email=?&#10;Hibernate: select quiz0_.id as id1_0_, quiz0_.text as text2_0_, quiz0_.title as title3_0_ from quiz quiz0_&#10;Hibernate: select answer0_.quiz_id as quiz_id1_1_0_, answer0_.answer as answer2_1_0_ from quiz_answer answer0_ where answer0_.quiz_id=?&#10;[0, 1, 3]&#10;[1, 2, 3]&#10;Hibernate: select user0_.id as id1_3_, user0_.email as email2_3_, user0_.password as password3_3_, user0_.role as role4_3_ from user user0_ where user0_.email=?&#10;Hibernate: select quiz0_.id as id1_0_, quiz0_.text as text2_0_, quiz0_.title as title3_0_ from quiz quiz0_&#10;Hibernate: select answer0_.quiz_id as quiz_id1_1_0_, answer0_.answer as answer2_1_0_ from quiz_answer answer0_ where answer0_.quiz_id=?&#10;[0, 1, 3]&#10;[0, 1, 2, 3]&#10;Hibernate: select user0_.id as id1_3_, user0_.email as email2_3_, user0_.password as password3_3_, user0_.role as role4_3_ from user user0_ where user0_.email=?&#10;Hibernate: select quiz0_.id as id1_0_, quiz0_.text as text2_0_, quiz0_.title as title3_0_ from quiz quiz0_&#10;Hibernate: select options0_.quiz_id as quiz_id1_2_0_, options0_.options as options2_2_0_ from quiz_options options0_ where options0_.quiz_id=?&#10;Hibernate: select options0_.quiz_id as quiz_id1_2_0_, options0_.options as options2_2_0_ from quiz_options options0_ where options0_.quiz_id=?&#10;Hibernate: select options0_.quiz_id as quiz_id1_2_0_, options0_.options as options2_2_0_ from quiz_options options0_ where options0_.quiz_id=?&#10;Hibernate: select options0_.quiz_id as quiz_id1_2_0_, options0_.options as options2_2_0_ from quiz_options options0_ where options0_.quiz_id=?&#10;Hibernate: select options0_.quiz_id as quiz_id1_2_0_, options0_.options as options2_2_0_ from quiz_options options0_ where options0_.quiz_id=?&#10;Hibernate: select options0_.quiz_id as quiz_id1_2_0_, options0_.options as options2_2_0_ from quiz_options options0_ where options0_.quiz_id=?&#10;Hibernate: select options0_.quiz_id as quiz_id1_2_0_, options0_.options as options2_2_0_ from quiz_options options0_ where options0_.quiz_id=?&#10;&#10;  .   ____          _            __ _ _&#10; /\\ / ___'_ __ _ _(_)_ __  __ _ \ \ \ \&#10;( ( )\___ | '_ | '_| | '_ \/ _` | \ \ \ \&#10; \\/  ___)| |_)| | | | | || (_| |  ) ) ) )&#10;  '  |____| .__|_| |_|_| |_\__, | / / / /&#10; =========|_|==============|___/=/_/_/_/&#10; :: Spring Boot ::                (v2.5.6)&#10;&#10;2022-06-09 17:50:53.368  INFO 2472 --- [    Test worker] engine.WebQuizEngine                     : Starting WebQuizEngine using Java 17.0.1 on Marvin with PID 2472 (started by Marvin in C:\Users\Marvin\Desktop\peti\Web Quiz Engine\Web Quiz Engine\task)&#10;2022-06-09 17:50:53.368  INFO 2472 --- [    Test worker] engine.WebQuizEngine                     : No active profile set, falling back to default profiles: default&#10;2022-06-09 17:50:53.395  INFO 2472 --- [       Thread-7] com.zaxxer.hikari.HikariDataSource       : HikariPool-2 - Shutdown completed.&#10;2022-06-09 17:50:53.857  INFO 2472 --- [    Test worker] .s.d.r.c.RepositoryConfigurationDelegate : Bootstrapping Spring Data JPA repositories in DEFAULT mode.&#10;2022-06-09 17:50:53.879  INFO 2472 --- [    Test worker] .s.d.r.c.RepositoryConfigurationDelegate : Finished Spring Data repository scanning in 21 ms. Found 2 JPA repository interfaces.&#10;2022-06-09 17:50:54.015  INFO 2472 --- [    Test worker] o.s.b.w.embedded.tomcat.TomcatWebServer  : Tomcat initialized with port(s): 8889 (http)&#10;2022-06-09 17:50:54.016  INFO 2472 --- [    Test worker] o.apache.catalina.core.StandardService   : Starting service [Tomcat]&#10;2022-06-09 17:50:54.016  INFO 2472 --- [    Test worker] org.apache.catalina.core.StandardEngine  : Starting Servlet engine: [Apache Tomcat/9.0.54]&#10;2022-06-09 17:50:54.071  INFO 2472 --- [    Test worker] o.a.c.c.C.[Tomcat].[localhost].[/]       : Initializing Spring embedded WebApplicationContext&#10;2022-06-09 17:50:54.072  INFO 2472 --- [    Test worker] w.s.c.ServletWebServerApplicationContext : Root WebApplicationContext: initialization completed in 699 ms&#10;2022-06-09 17:50:54.113  INFO 2472 --- [    Test worker] com.zaxxer.hikari.HikariDataSource       : HikariPool-3 - Starting...&#10;2022-06-09 17:50:54.131  INFO 2472 --- [    Test worker] com.zaxxer.hikari.HikariDataSource       : HikariPool-3 - Start completed.&#10;2022-06-09 17:50:54.131  INFO 2472 --- [    Test worker] o.s.b.a.h2.H2ConsoleAutoConfiguration    : H2 console available at '/h2-console'. Database available at 'jdbc:h2:file:../quizdb'&#10;2022-06-09 17:50:54.183  INFO 2472 --- [    Test worker] o.hibernate.jpa.internal.util.LogHelper  : HHH000204: Processing PersistenceUnitInfo [name: default]&#10;2022-06-09 17:50:54.196  INFO 2472 --- [    Test worker] org.hibernate.dialect.Dialect            : HHH000400: Using dialect: org.hibernate.dialect.H2Dialect&#10;2022-06-09 17:50:54.288  INFO 2472 --- [    Test worker] o.h.e.t.j.p.i.JtaPlatformInitiator       : HHH000490: Using JtaPlatform implementation: [org.hibernate.engine.transaction.jta.platform.internal.NoJtaPlatform]&#10;2022-06-09 17:50:54.288  INFO 2472 --- [    Test worker] j.LocalContainerEntityManagerFactoryBean : Initialized JPA EntityManagerFactory for persistence unit 'default'&#10;2022-06-09 17:50:54.420  WARN 2472 --- [    Test worker] JpaBaseConfiguration$JpaWebConfiguration : spring.jpa.open-in-view is enabled by default. Therefore, database queries may be performed during view rendering. Explicitly configure spring.jpa.open-in-view to disable this warning&#10;2022-06-09 17:50:54.451  INFO 2472 --- [    Test worker] o.s.s.web.DefaultSecurityFilterChain     : Will secure any request with [org.springframework.security.web.context.request.async.WebAsyncManagerIntegrationFilter@3bc00359, org.springframework.security.web.context.SecurityContextPersistenceFilter@5edeb83e, org.springframework.security.web.header.HeaderWriterFilter@4c29138a, org.springframework.security.web.authentication.logout.LogoutFilter@542adcfa, org.springframework.security.web.authentication.www.BasicAuthenticationFilter@11f6a083, org.springframework.security.web.savedrequest.RequestCacheAwareFilter@4844cbe4, org.springframework.security.web.servletapi.SecurityContextHolderAwareRequestFilter@4c752425, org.springframework.security.web.authentication.AnonymousAuthenticationFilter@30b91493, org.springframework.security.web.session.SessionManagementFilter@199549a5, org.springframework.security.web.access.ExceptionTranslationFilter@48ebcce5, org.springframework.security.web.access.intercept.FilterSecurityInterceptor@45da40ad]&#10;2022-06-09 17:50:54.659  INFO 2472 --- [    Test worker] o.s.b.a.e.web.EndpointLinksResolver      : Exposing 14 endpoint(s) beneath base path '/actuator'&#10;2022-06-09 17:50:54.678  INFO 2472 --- [    Test worker] o.s.b.w.embedded.tomcat.TomcatWebServer  : Tomcat started on port(s): 8889 (http) with context path ''&#10;2022-06-09 17:50:54.686  INFO 2472 --- [    Test worker] engine.WebQuizEngine                     : Started WebQuizEngine in 1.373 seconds (JVM running for 29.825)&#10;2022-06-09 17:50:54.695  INFO 2472 --- [nio-8889-exec-1] o.a.c.c.C.[Tomcat].[localhost].[/]       : Initializing Spring DispatcherServlet 'dispatcherServlet'&#10;2022-06-09 17:50:54.695  INFO 2472 --- [nio-8889-exec-1] o.s.web.servlet.DispatcherServlet        : Initializing Servlet 'dispatcherServlet'&#10;2022-06-09 17:50:54.698  INFO 2472 --- [nio-8889-exec-1] o.s.web.servlet.DispatcherServlet        : Completed initialization in 2 ms&#10;Hibernate: select user0_.id as id1_3_, user0_.email as email2_3_, user0_.password as password3_3_, user0_.role as role4_3_ from user user0_ where user0_.email=?&#10;Hibernate: select quiz0_.id as id1_0_, quiz0_.text as text2_0_, quiz0_.title as title3_0_ from quiz quiz0_&#10;Hibernate: select options0_.quiz_id as quiz_id1_2_0_, options0_.options as options2_2_0_ from quiz_options options0_ where options0_.quiz_id=?&#10;Hibernate: select options0_.quiz_id as quiz_id1_2_0_, options0_.options as options2_2_0_ from quiz_options options0_ where options0_.quiz_id=?&#10;Hibernate: select options0_.quiz_id as quiz_id1_2_0_, options0_.options as options2_2_0_ from quiz_options options0_ where options0_.quiz_id=?&#10;Hibernate: select options0_.quiz_id as quiz_id1_2_0_, options0_.options as options2_2_0_ from quiz_options options0_ where options0_.quiz_id=?&#10;Hibernate: select options0_.quiz_id as quiz_id1_2_0_, options0_.options as options2_2_0_ from quiz_options options0_ where options0_.quiz_id=?&#10;Hibernate: select options0_.quiz_id as quiz_id1_2_0_, options0_.options as options2_2_0_ from quiz_options options0_ where options0_.quiz_id=?&#10;Hibernate: select options0_.quiz_id as quiz_id1_2_0_, options0_.options as options2_2_0_ from quiz_options options0_ where options0_.quiz_id=?&#10;Hibernate: select user0_.id as id1_3_, user0_.email as email2_3_, user0_.password as password3_3_, user0_.role as role4_3_ from user user0_ where user0_.email=?&#10;Hibernate: select quiz0_.id as id1_0_, quiz0_.text as text2_0_, quiz0_.title as title3_0_ from quiz quiz0_&#10;Hibernate: select answer0_.quiz_id as quiz_id1_1_0_, answer0_.answer as answer2_1_0_ from quiz_answer answer0_ where answer0_.quiz_id=?&#10;[]&#10;[]&#10;Hibernate: select user0_.id as id1_3_, user0_.email as email2_3_, user0_.password as password3_3_, user0_.role as role4_3_ from user user0_ where user0_.email=?&#10;Hibernate: select quiz0_.id as id1_0_, quiz0_.text as text2_0_, quiz0_.title as title3_0_ from quiz quiz0_&#10;Hibernate: select answer0_.quiz_id as quiz_id1_1_0_, answer0_.answer as answer2_1_0_ from quiz_answer answer0_ where answer0_.quiz_id=?&#10;[]&#10;[0]&#10;Hibernate: select user0_.id as id1_3_, user0_.email as email2_3_, user0_.password as password3_3_, user0_.role as role4_3_ from user user0_ where user0_.email=?&#10;Hibernate: select quiz0_.id as id1_0_, quiz0_.text as text2_0_, quiz0_.title as title3_0_ from quiz quiz0_&#10;Hibernate: select answer0_.quiz_id as quiz_id1_1_0_, answer0_.answer as answer2_1_0_ from quiz_answer answer0_ where answer0_.quiz_id=?&#10;[0, 1, 3]&#10;[0, 1, 2]&#10;Hibernate: select user0_.id as id1_3_, user0_.email as email2_3_, user0_.password as password3_3_, user0_.role as role4_3_ from user user0_ where user0_.email=?&#10;Hibernate: select quiz0_.id as id1_0_, quiz0_.text as text2_0_, quiz0_.title as title3_0_ from quiz quiz0_&#10;Hibernate: select answer0_.quiz_id as quiz_id1_1_0_, answer0_.answer as answer2_1_0_ from quiz_answer answer0_ where answer0_.quiz_id=?&#10;[0, 1, 3]&#10;[0, 1, 3]&#10;Hibernate: select user0_.id as id1_3_, user0_.email as email2_3_, user0_.password as password3_3_, user0_.role as role4_3_ from user user0_ where user0_.email=?&#10;Hibernate: select quiz0_.id as id1_0_0_, quiz0_.text as text2_0_0_, quiz0_.title as title3_0_0_ from quiz quiz0_ where quiz0_.id=?&#10;Hibernate: select options0_.quiz_id as quiz_id1_2_0_, options0_.options as options2_2_0_ from quiz_options options0_ where options0_.quiz_id=?&#10;Hibernate: select answer0_.quiz_id as quiz_id1_1_0_, answer0_.answer as answer2_1_0_ from quiz_answer answer0_ where answer0_.quiz_id=?&#10;Optional[Quiz{id=3, title='The Java Logo', text='What is depicted on the Java logo?', options=[Robot, Tea leaf, Cup of coffee, Bug], answer=[2]}]&#10;Hibernate: delete from quiz_answer where quiz_id=?&#10;Hibernate: delete from quiz_options where quiz_id=?&#10;Hibernate: delete from quiz where id=?&#10;Hibernate: select user0_.id as id1_3_, user0_.email as email2_3_, user0_.password as password3_3_, user0_.role as role4_3_ from user user0_ where user0_.email=?&#10;Hibernate: select quiz0_.id as id1_0_0_, quiz0_.text as text2_0_0_, quiz0_.title as title3_0_0_ from quiz quiz0_ where quiz0_.id=?&#10;Optional.empty&#10;Hibernate: select user0_.id as id1_3_, user0_.email as email2_3_, user0_.password as password3_3_, user0_.role as role4_3_ from user user0_ where user0_.email=?&#10;Hibernate: select quiz0_.id as id1_0_0_, quiz0_.text as text2_0_0_, quiz0_.title as title3_0_0_ from quiz quiz0_ where quiz0_.id=?&#10;Hibernate: select user0_.id as id1_3_, user0_.email as email2_3_, user0_.password as password3_3_, user0_.role as role4_3_ from user user0_ where user0_.email=?&#10;Hibernate: select quiz0_.id as id1_0_0_, quiz0_.text as text2_0_0_, quiz0_.title as title3_0_0_ from quiz quiz0_ where quiz0_.id=?&#10;Hibernate: select user0_.id as id1_3_, user0_.email as email2_3_, user0_.password as password3_3_, user0_.role as role4_3_ from user user0_ where user0_.email=?&#10;Hibernate: select quiz0_.id as id1_0_0_, quiz0_.text as text2_0_0_, quiz0_.title as title3_0_0_ from quiz quiz0_ where quiz0_.id=?&#10;Hibernate: select options0_.quiz_id as quiz_id1_2_0_, options0_.options as options2_2_0_ from quiz_options options0_ where options0_.quiz_id=?&#10;Hibernate: select user0_.id as id1_3_, user0_.email as email2_3_, user0_.password as password3_3_, user0_.role as role4_3_ from user user0_ where user0_.email=?&#10;Hibernate: select quiz0_.id as id1_0_0_, quiz0_.text as text2_0_0_, quiz0_.title as title3_0_0_ from quiz quiz0_ where quiz0_.id=?&#10;Hibernate: select options0_.quiz_id as quiz_id1_2_0_, options0_.options as options2_2_0_ from quiz_options options0_ where options0_.quiz_id=?&#10;Hibernate: select user0_.id as id1_3_, user0_.email as email2_3_, user0_.password as password3_3_, user0_.role as role4_3_ from user user0_ where user0_.email=?&#10;Hibernate: select quiz0_.id as id1_0_0_, quiz0_.text as text2_0_0_, quiz0_.title as title3_0_0_ from quiz quiz0_ where quiz0_.id=?&#10;Hibernate: select options0_.quiz_id as quiz_id1_2_0_, options0_.options as options2_2_0_ from quiz_options options0_ where options0_.quiz_id=?&#10;Hibernate: select answer0_.quiz_id as quiz_id1_1_0_, answer0_.answer as answer2_1_0_ from quiz_answer answer0_ where answer0_.quiz_id=?&#10;Optional[Quiz{id=4, title='The Ultimate Question', text='What is the answer to the Ultimate Question of Life, the Universe and Everything?', options=[Everything goes right, 42, 2+2=4, 11011100], answer=[1]}]&#10;Hibernate: delete from quiz_answer where quiz_id=?&#10;Hibernate: delete from quiz_options where quiz_id=?&#10;Hibernate: delete from quiz where id=?" type="java.lang.AssertionError">java.lang.AssertionError: Wrong answer in test #159

DELETE /api/quizzes/4 should respond with status code 403, responded: 204

Response body:

Please find below the output of your program during this failed test.

---

[last 250 lines of output are shown, 519 skipped]
Hibernate: select quiz0_.id as id1_0_, quiz0_.text as text2_0_, quiz0_.title as title3_0_ from quiz quiz0_
Hibernate: select answer0_.quiz_id as quiz_id1_1_0_, answer0_.answer as answer2_1_0_ from quiz_answer answer0_ where answer0_.quiz_id=?
[]
[2]
Hibernate: select user0_.id as id1_3_, user0_.email as email2_3_, user0_.password as password3_3_, user0_.role as role4_3_ from user user0_ where user0_.email=?
Hibernate: select quiz0_.id as id1_0_, quiz0_.text as text2_0_, quiz0_.title as title3_0_ from quiz quiz0_
Hibernate: select answer0_.quiz_id as quiz_id1_1_0_, answer0_.answer as answer2_1_0_ from quiz_answer answer0_ where answer0_.quiz_id=?
[]
[3]
Hibernate: select user0_.id as id1_3_, user0_.email as email2_3_, user0_.password as password3_3_, user0_.role as role4_3_ from user user0_ where user0_.email=?
Hibernate: select quiz0_.id as id1_0_, quiz0_.text as text2_0_, quiz0_.title as title3_0_ from quiz quiz0_
Hibernate: select answer0_.quiz_id as quiz_id1_1_0_, answer0_.answer as answer2_1_0_ from quiz_answer answer0_ where answer0_.quiz_id=?
[]
[0, 1]
Hibernate: select user0_.id as id1_3_, user0_.email as email2_3_, user0_.password as password3_3_, user0_.role as role4_3_ from user user0_ where user0_.email=?
Hibernate: select quiz0_.id as id1_0_, quiz0_.text as text2_0_, quiz0_.title as title3_0_ from quiz quiz0_
Hibernate: select answer0_.quiz_id as quiz_id1_1_0_, answer0_.answer as answer2_1_0_ from quiz_answer answer0_ where answer0_.quiz_id=?
[]
[0, 2]
Hibernate: select user0_.id as id1_3_, user0_.email as email2_3_, user0_.password as password3_3_, user0_.role as role4_3_ from user user0_ where user0_.email=?
Hibernate: select quiz0_.id as id1_0_, quiz0_.text as text2_0_, quiz0_.title as title3_0_ from quiz quiz0_
Hibernate: select answer0_.quiz_id as quiz_id1_1_0_, answer0_.answer as answer2_1_0_ from quiz_answer answer0_ where answer0_.quiz_id=?
[]
[0, 3]
Hibernate: select user0_.id as id1_3_, user0_.email as email2_3_, user0_.password as password3_3_, user0_.role as role4_3_ from user user0_ where user0_.email=?
Hibernate: select quiz0_.id as id1_0_, quiz0_.text as text2_0_, quiz0_.title as title3_0_ from quiz quiz0_
Hibernate: select answer0_.quiz_id as quiz_id1_1_0_, answer0_.answer as answer2_1_0_ from quiz_answer answer0_ where answer0_.quiz_id=?
[]
[1, 2]
Hibernate: select user0_.id as id1_3_, user0_.email as email2_3_, user0_.password as password3_3_, user0_.role as role4_3_ from user user0_ where user0_.email=?
Hibernate: select quiz0_.id as id1_0_, quiz0_.text as text2_0_, quiz0_.title as title3_0_ from quiz quiz0_
Hibernate: select answer0_.quiz_id as quiz_id1_1_0_, answer0_.answer as answer2_1_0_ from quiz_answer answer0_ where answer0_.quiz_id=?
[]
[1, 3]
Hibernate: select user0_.id as id1_3_, user0_.email as email2_3_, user0_.password as password3_3_, user0_.role as role4_3_ from user user0_ where user0_.email=?
Hibernate: select quiz0_.id as id1_0_, quiz0_.text as text2_0_, quiz0_.title as title3_0_ from quiz quiz0_
Hibernate: select answer0_.quiz_id as quiz_id1_1_0_, answer0_.answer as answer2_1_0_ from quiz_answer answer0_ where answer0_.quiz_id=?
[]
[2, 3]
Hibernate: select user0_.id as id1_3_, user0_.email as email2_3_, user0_.password as password3_3_, user0_.role as role4_3_ from user user0_ where user0_.email=?
Hibernate: select quiz0_.id as id1_0_, quiz0_.text as text2_0_, quiz0_.title as title3_0_ from quiz quiz0_
Hibernate: select answer0_.quiz_id as quiz_id1_1_0_, answer0_.answer as answer2_1_0_ from quiz_answer answer0_ where answer0_.quiz_id=?
[]
[0, 1, 2]
Hibernate: select user0_.id as id1_3_, user0_.email as email2_3_, user0_.password as password3_3_, user0_.role as role4_3_ from user user0_ where user0_.email=?
Hibernate: select quiz0_.id as id1_0_, quiz0_.text as text2_0_, quiz0_.title as title3_0_ from quiz quiz0_
Hibernate: select answer0_.quiz_id as quiz_id1_1_0_, answer0_.answer as answer2_1_0_ from quiz_answer answer0_ where answer0_.quiz_id=?
[]
[0, 1, 3]
Hibernate: select user0_.id as id1_3_, user0_.email as email2_3_, user0_.password as password3_3_, user0_.role as role4_3_ from user user0_ where user0_.email=?
Hibernate: select quiz0_.id as id1_0_, quiz0_.text as text2_0_, quiz0_.title as title3_0_ from quiz quiz0_
Hibernate: select answer0_.quiz_id as quiz_id1_1_0_, answer0_.answer as answer2_1_0_ from quiz_answer answer0_ where answer0_.quiz_id=?
[]
[1, 2, 3]
Hibernate: select user0_.id as id1_3_, user0_.email as email2_3_, user0_.password as password3_3_, user0_.role as role4_3_ from user user0_ where user0_.email=?
Hibernate: select quiz0_.id as id1_0_, quiz0_.text as text2_0_, quiz0_.title as title3_0_ from quiz quiz0_
Hibernate: select answer0_.quiz_id as quiz_id1_1_0_, answer0_.answer as answer2_1_0_ from quiz_answer answer0_ where answer0_.quiz_id=?
[]
[0, 1, 2, 3]
Hibernate: select user0_.id as id1_3_, user0_.email as email2_3_, user0_.password as password3_3_, user0_.role as role4_3_ from user user0_ where user0_.email=?
Hibernate: call next value for hibernate_sequence
Hibernate: insert into quiz (text, title, id) values (?, ?, ?)
Hibernate: insert into quiz_answer (quiz_id, answer) values (?, ?)
Hibernate: insert into quiz_answer (quiz_id, answer) values (?, ?)
Hibernate: insert into quiz_answer (quiz_id, answer) values (?, ?)
Hibernate: insert into quiz_options (quiz_id, options) values (?, ?)
Hibernate: insert into quiz_options (quiz_id, options) values (?, ?)
Hibernate: insert into quiz_options (quiz_id, options) values (?, ?)
Hibernate: insert into quiz_options (quiz_id, options) values (?, ?)
Hibernate: select user0_.id as id1_3_, user0_.email as email2_3_, user0_.password as password3_3_, user0_.role as role4_3_ from user user0_ where user0_.email=?
Hibernate: select quiz0_.id as id1_0_0_, quiz0_.text as text2_0_0_, quiz0_.title as title3_0_0_ from quiz quiz0_ where quiz0_.id=?
Hibernate: select options0_.quiz_id as quiz_id1_2_0_, options0_.options as options2_2_0_ from quiz_options options0_ where options0_.quiz_id=?
Hibernate: select user0_.id as id1_3_, user0_.email as email2_3_, user0_.password as password3_3_, user0_.role as role4_3_ from user user0_ where user0_.email=?
Hibernate: select quiz0_.id as id1_0_0_, quiz0_.text as text2_0_0_, quiz0_.title as title3_0_0_ from quiz quiz0_ where quiz0_.id=?
Hibernate: select user0_.id as id1_3_, user0_.email as email2_3_, user0_.password as password3_3_, user0_.role as role4_3_ from user user0_ where user0_.email=?
Hibernate: select quiz0_.id as id1_0_, quiz0_.text as text2_0_, quiz0_.title as title3_0_ from quiz quiz0_
Hibernate: select answer0_.quiz_id as quiz_id1_1_0_, answer0_.answer as answer2_1_0_ from quiz_answer answer0_ where answer0_.quiz_id=?
[0, 1, 3]
[]
Hibernate: select user0_.id as id1_3_, user0_.email as email2_3_, user0_.password as password3_3_, user0_.role as role4_3_ from user user0_ where user0_.email=?
Hibernate: select quiz0_.id as id1_0_, quiz0_.text as text2_0_, quiz0_.title as title3_0_ from quiz quiz0_
Hibernate: select answer0_.quiz_id as quiz_id1_1_0_, answer0_.answer as answer2_1_0_ from quiz_answer answer0_ where answer0_.quiz_id=?
[0, 1, 3]
[0]
Hibernate: select user0_.id as id1_3_, user0_.email as email2_3_, user0_.password as password3_3_, user0_.role as role4_3_ from user user0_ where user0_.email=?
Hibernate: select quiz0_.id as id1_0_, quiz0_.text as text2_0_, quiz0_.title as title3_0_ from quiz quiz0_
Hibernate: select answer0_.quiz_id as quiz_id1_1_0_, answer0_.answer as answer2_1_0_ from quiz_answer answer0_ where answer0_.quiz_id=?
[0, 1, 3]
[1]
Hibernate: select user0_.id as id1_3_, user0_.email as email2_3_, user0_.password as password3_3_, user0_.role as role4_3_ from user user0_ where user0_.email=?
Hibernate: select quiz0_.id as id1_0_, quiz0_.text as text2_0_, quiz0_.title as title3_0_ from quiz quiz0_
Hibernate: select answer0_.quiz_id as quiz_id1_1_0_, answer0_.answer as answer2_1_0_ from quiz_answer answer0_ where answer0_.quiz_id=?
[0, 1, 3]
[2]
Hibernate: select user0_.id as id1_3_, user0_.email as email2_3_, user0_.password as password3_3_, user0_.role as role4_3_ from user user0_ where user0_.email=?
Hibernate: select quiz0_.id as id1_0_, quiz0_.text as text2_0_, quiz0_.title as title3_0_ from quiz quiz0_
Hibernate: select answer0_.quiz_id as quiz_id1_1_0_, answer0_.answer as answer2_1_0_ from quiz_answer answer0_ where answer0_.quiz_id=?
[0, 1, 3]
[3]
Hibernate: select user0_.id as id1_3_, user0_.email as email2_3_, user0_.password as password3_3_, user0_.role as role4_3_ from user user0_ where user0_.email=?
Hibernate: select quiz0_.id as id1_0_, quiz0_.text as text2_0_, quiz0_.title as title3_0_ from quiz quiz0_
Hibernate: select answer0_.quiz_id as quiz_id1_1_0_, answer0_.answer as answer2_1_0_ from quiz_answer answer0_ where answer0_.quiz_id=?
[0, 1, 3]
[0, 1]
Hibernate: select user0_.id as id1_3_, user0_.email as email2_3_, user0_.password as password3_3_, user0_.role as role4_3_ from user user0_ where user0_.email=?
Hibernate: select quiz0_.id as id1_0_, quiz0_.text as text2_0_, quiz0_.title as title3_0_ from quiz quiz0_
Hibernate: select answer0_.quiz_id as quiz_id1_1_0_, answer0_.answer as answer2_1_0_ from quiz_answer answer0_ where answer0_.quiz_id=?
[0, 1, 3]
[0, 2]
Hibernate: select user0_.id as id1_3_, user0_.email as email2_3_, user0_.password as password3_3_, user0_.role as role4_3_ from user user0_ where user0_.email=?
Hibernate: select quiz0_.id as id1_0_, quiz0_.text as text2_0_, quiz0_.title as title3_0_ from quiz quiz0_
Hibernate: select answer0_.quiz_id as quiz_id1_1_0_, answer0_.answer as answer2_1_0_ from quiz_answer answer0_ where answer0_.quiz_id=?
[0, 1, 3]
[0, 3]
Hibernate: select user0_.id as id1_3_, user0_.email as email2_3_, user0_.password as password3_3_, user0_.role as role4_3_ from user user0_ where user0_.email=?
Hibernate: select quiz0_.id as id1_0_, quiz0_.text as text2_0_, quiz0_.title as title3_0_ from quiz quiz0_
Hibernate: select answer0_.quiz_id as quiz_id1_1_0_, answer0_.answer as answer2_1_0_ from quiz_answer answer0_ where answer0_.quiz_id=?
[0, 1, 3]
[1, 2]
Hibernate: select user0_.id as id1_3_, user0_.email as email2_3_, user0_.password as password3_3_, user0_.role as role4_3_ from user user0_ where user0_.email=?
Hibernate: select quiz0_.id as id1_0_, quiz0_.text as text2_0_, quiz0_.title as title3_0_ from quiz quiz0_
Hibernate: select answer0_.quiz_id as quiz_id1_1_0_, answer0_.answer as answer2_1_0_ from quiz_answer answer0_ where answer0_.quiz_id=?
[0, 1, 3]
[1, 3]
Hibernate: select user0_.id as id1_3_, user0_.email as email2_3_, user0_.password as password3_3_, user0_.role as role4_3_ from user user0_ where user0_.email=?
Hibernate: select quiz0_.id as id1_0_, quiz0_.text as text2_0_, quiz0_.title as title3_0_ from quiz quiz0_
Hibernate: select answer0_.quiz_id as quiz_id1_1_0_, answer0_.answer as answer2_1_0_ from quiz_answer answer0_ where answer0_.quiz_id=?
[0, 1, 3]
[2, 3]
Hibernate: select user0_.id as id1_3_, user0_.email as email2_3_, user0_.password as password3_3_, user0_.role as role4_3_ from user user0_ where user0_.email=?
Hibernate: select quiz0_.id as id1_0_, quiz0_.text as text2_0_, quiz0_.title as title3_0_ from quiz quiz0_
Hibernate: select answer0_.quiz_id as quiz_id1_1_0_, answer0_.answer as answer2_1_0_ from quiz_answer answer0_ where answer0_.quiz_id=?
[0, 1, 3]
[0, 1, 2]
Hibernate: select user0_.id as id1_3_, user0_.email as email2_3_, user0_.password as password3_3_, user0_.role as role4_3_ from user user0_ where user0_.email=?
Hibernate: select quiz0_.id as id1_0_, quiz0_.text as text2_0_, quiz0_.title as title3_0_ from quiz quiz0_
Hibernate: select answer0_.quiz_id as quiz_id1_1_0_, answer0_.answer as answer2_1_0_ from quiz_answer answer0_ where answer0_.quiz_id=?
[0, 1, 3]
[0, 1, 3]
Hibernate: select user0_.id as id1_3_, user0_.email as email2_3_, user0_.password as password3_3_, user0_.role as role4_3_ from user user0_ where user0_.email=?
Hibernate: select quiz0_.id as id1_0_, quiz0_.text as text2_0_, quiz0_.title as title3_0_ from quiz quiz0_
Hibernate: select answer0_.quiz_id as quiz_id1_1_0_, answer0_.answer as answer2_1_0_ from quiz_answer answer0_ where answer0_.quiz_id=?
[0, 1, 3]
[1, 2, 3]
Hibernate: select user0_.id as id1_3_, user0_.email as email2_3_, user0_.password as password3_3_, user0_.role as role4_3_ from user user0_ where user0_.email=?
Hibernate: select quiz0_.id as id1_0_, quiz0_.text as text2_0_, quiz0_.title as title3_0_ from quiz quiz0_
Hibernate: select answer0_.quiz_id as quiz_id1_1_0_, answer0_.answer as answer2_1_0_ from quiz_answer answer0_ where answer0_.quiz_id=?
[0, 1, 3]
[0, 1, 2, 3]
Hibernate: select user0_.id as id1_3_, user0_.email as email2_3_, user0_.password as password3_3_, user0_.role as role4_3_ from user user0_ where user0_.email=?
Hibernate: select quiz0_.id as id1_0_, quiz0_.text as text2_0_, quiz0_.title as title3_0_ from quiz quiz0_
Hibernate: select options0_.quiz_id as quiz_id1_2_0_, options0_.options as options2_2_0_ from quiz_options options0_ where options0_.quiz_id=?
Hibernate: select options0_.quiz_id as quiz_id1_2_0_, options0_.options as options2_2_0_ from quiz_options options0_ where options0_.quiz_id=?
Hibernate: select options0_.quiz_id as quiz_id1_2_0_, options0_.options as options2_2_0_ from quiz_options options0_ where options0_.quiz_id=?
Hibernate: select options0_.quiz_id as quiz_id1_2_0_, options0_.options as options2_2_0_ from quiz_options options0_ where options0_.quiz_id=?
Hibernate: select options0_.quiz_id as quiz_id1_2_0_, options0_.options as options2_2_0_ from quiz_options options0_ where options0_.quiz_id=?
Hibernate: select options0_.quiz_id as quiz_id1_2_0_, options0_.options as options2_2_0_ from quiz_options options0_ where options0_.quiz_id=?
Hibernate: select options0_.quiz_id as quiz_id1_2_0_, options0_.options as options2_2_0_ from quiz_options options0_ where options0_.quiz_id=?

  .   ____          _            __ _ _
 /\\ / ___'_ __ _ _(_)_ __  __ _ \ \ \ \
( ( )\___ | '_ | '_| | '_ \/ _` | \ \ \ \
 \\/  ___)| |_)| | | | | || (_| |  ) ) ) )
  '  |____| .__|_| |_|_| |_\__, | / / / /
 =========|_|==============|___/=/_/_/_/
 :: Spring Boot ::                (v2.5.6)

2022-06-09 17:50:53.368  INFO 2472 --- [    Test worker] engine.WebQuizEngine                     : Starting WebQuizEngine using Java 17.0.1 on Marvin with PID 2472 (started by Marvin in C:\Users\Marvin\Desktop\peti\Web Quiz Engine\Web Quiz Engine\task)
2022-06-09 17:50:53.368  INFO 2472 --- [    Test worker] engine.WebQuizEngine                     : No active profile set, falling back to default profiles: default
2022-06-09 17:50:53.395  INFO 2472 --- [       Thread-7] com.zaxxer.hikari.HikariDataSource       : HikariPool-2 - Shutdown completed.
2022-06-09 17:50:53.857  INFO 2472 --- [    Test worker] .s.d.r.c.RepositoryConfigurationDelegate : Bootstrapping Spring Data JPA repositories in DEFAULT mode.
2022-06-09 17:50:53.879  INFO 2472 --- [    Test worker] .s.d.r.c.RepositoryConfigurationDelegate : Finished Spring Data repository scanning in 21 ms. Found 2 JPA repository interfaces.
2022-06-09 17:50:54.015  INFO 2472 --- [    Test worker] o.s.b.w.embedded.tomcat.TomcatWebServer  : Tomcat initialized with port(s): 8889 (http)
2022-06-09 17:50:54.016  INFO 2472 --- [    Test worker] o.apache.catalina.core.StandardService   : Starting service [Tomcat]
2022-06-09 17:50:54.016  INFO 2472 --- [    Test worker] org.apache.catalina.core.StandardEngine  : Starting Servlet engine: [Apache Tomcat/9.0.54]
2022-06-09 17:50:54.071  INFO 2472 --- [    Test worker] o.a.c.c.C.[Tomcat].[localhost].[/]       : Initializing Spring embedded WebApplicationContext
2022-06-09 17:50:54.072  INFO 2472 --- [    Test worker] w.s.c.ServletWebServerApplicationContext : Root WebApplicationContext: initialization completed in 699 ms
2022-06-09 17:50:54.113  INFO 2472 --- [    Test worker] com.zaxxer.hikari.HikariDataSource       : HikariPool-3 - Starting...
2022-06-09 17:50:54.131  INFO 2472 --- [    Test worker] com.zaxxer.hikari.HikariDataSource       : HikariPool-3 - Start completed.
2022-06-09 17:50:54.131  INFO 2472 --- [    Test worker] o.s.b.a.h2.H2ConsoleAutoConfiguration    : H2 console available at '/h2-console'. Database available at 'jdbc:h2:file:../quizdb'
2022-06-09 17:50:54.183  INFO 2472 --- [    Test worker] o.hibernate.jpa.internal.util.LogHelper  : HHH000204: Processing PersistenceUnitInfo [name: default]
2022-06-09 17:50:54.196  INFO 2472 --- [    Test worker] org.hibernate.dialect.Dialect            : HHH000400: Using dialect: org.hibernate.dialect.H2Dialect
2022-06-09 17:50:54.288  INFO 2472 --- [    Test worker] o.h.e.t.j.p.i.JtaPlatformInitiator       : HHH000490: Using JtaPlatform implementation: [org.hibernate.engine.transaction.jta.platform.internal.NoJtaPlatform]
2022-06-09 17:50:54.288  INFO 2472 --- [    Test worker] j.LocalContainerEntityManagerFactoryBean : Initialized JPA EntityManagerFactory for persistence unit 'default'
2022-06-09 17:50:54.420  WARN 2472 --- [    Test worker] JpaBaseConfiguration$JpaWebConfiguration : spring.jpa.open-in-view is enabled by default. Therefore, database queries may be performed during view rendering. Explicitly configure spring.jpa.open-in-view to disable this warning
2022-06-09 17:50:54.451  INFO 2472 --- [    Test worker] o.s.s.web.DefaultSecurityFilterChain     : Will secure any request with [org.springframework.security.web.context.request.async.WebAsyncManagerIntegrationFilter@3bc00359, org.springframework.security.web.context.SecurityContextPersistenceFilter@5edeb83e, org.springframework.security.web.header.HeaderWriterFilter@4c29138a, org.springframework.security.web.authentication.logout.LogoutFilter@542adcfa, org.springframework.security.web.authentication.www.BasicAuthenticationFilter@11f6a083, org.springframework.security.web.savedrequest.RequestCacheAwareFilter@4844cbe4, org.springframework.security.web.servletapi.SecurityContextHolderAwareRequestFilter@4c752425, org.springframework.security.web.authentication.AnonymousAuthenticationFilter@30b91493, org.springframework.security.web.session.SessionManagementFilter@199549a5, org.springframework.security.web.access.ExceptionTranslationFilter@48ebcce5, org.springframework.security.web.access.intercept.FilterSecurityInterceptor@45da40ad]
2022-06-09 17:50:54.659  INFO 2472 --- [    Test worker] o.s.b.a.e.web.EndpointLinksResolver      : Exposing 14 endpoint(s) beneath base path '/actuator'
2022-06-09 17:50:54.678  INFO 2472 --- [    Test worker] o.s.b.w.embedded.tomcat.TomcatWebServer  : Tomcat started on port(s): 8889 (http) with context path ''
2022-06-09 17:50:54.686  INFO 2472 --- [    Test worker] engine.WebQuizEngine                     : Started WebQuizEngine in 1.373 seconds (JVM running for 29.825)
2022-06-09 17:50:54.695  INFO 2472 --- [nio-8889-exec-1] o.a.c.c.C.[Tomcat].[localhost].[/]       : Initializing Spring DispatcherServlet 'dispatcherServlet'
2022-06-09 17:50:54.695  INFO 2472 --- [nio-8889-exec-1] o.s.web.servlet.DispatcherServlet        : Initializing Servlet 'dispatcherServlet'
2022-06-09 17:50:54.698  INFO 2472 --- [nio-8889-exec-1] o.s.web.servlet.DispatcherServlet        : Completed initialization in 2 ms
Hibernate: select user0_.id as id1_3_, user0_.email as email2_3_, user0_.password as password3_3_, user0_.role as role4_3_ from user user0_ where user0_.email=?
Hibernate: select quiz0_.id as id1_0_, quiz0_.text as text2_0_, quiz0_.title as title3_0_ from quiz quiz0_
Hibernate: select options0_.quiz_id as quiz_id1_2_0_, options0_.options as options2_2_0_ from quiz_options options0_ where options0_.quiz_id=?
Hibernate: select options0_.quiz_id as quiz_id1_2_0_, options0_.options as options2_2_0_ from quiz_options options0_ where options0_.quiz_id=?
Hibernate: select options0_.quiz_id as quiz_id1_2_0_, options0_.options as options2_2_0_ from quiz_options options0_ where options0_.quiz_id=?
Hibernate: select options0_.quiz_id as quiz_id1_2_0_, options0_.options as options2_2_0_ from quiz_options options0_ where options0_.quiz_id=?
Hibernate: select options0_.quiz_id as quiz_id1_2_0_, options0_.options as options2_2_0_ from quiz_options options0_ where options0_.quiz_id=?
Hibernate: select options0_.quiz_id as quiz_id1_2_0_, options0_.options as options2_2_0_ from quiz_options options0_ where options0_.quiz_id=?
Hibernate: select options0_.quiz_id as quiz_id1_2_0_, options0_.options as options2_2_0_ from quiz_options options0_ where options0_.quiz_id=?
Hibernate: select user0_.id as id1_3_, user0_.email as email2_3_, user0_.password as password3_3_, user0_.role as role4_3_ from user user0_ where user0_.email=?
Hibernate: select quiz0_.id as id1_0_, quiz0_.text as text2_0_, quiz0_.title as title3_0_ from quiz quiz0_
Hibernate: select answer0_.quiz_id as quiz_id1_1_0_, answer0_.answer as answer2_1_0_ from quiz_answer answer0_ where answer0_.quiz_id=?
[]
[]
Hibernate: select user0_.id as id1_3_, user0_.email as email2_3_, user0_.password as password3_3_, user0_.role as role4_3_ from user user0_ where user0_.email=?
Hibernate: select quiz0_.id as id1_0_, quiz0_.text as text2_0_, quiz0_.title as title3_0_ from quiz quiz0_
Hibernate: select answer0_.quiz_id as quiz_id1_1_0_, answer0_.answer as answer2_1_0_ from quiz_answer answer0_ where answer0_.quiz_id=?
[]
[0]
Hibernate: select user0_.id as id1_3_, user0_.email as email2_3_, user0_.password as password3_3_, user0_.role as role4_3_ from user user0_ where user0_.email=?
Hibernate: select quiz0_.id as id1_0_, quiz0_.text as text2_0_, quiz0_.title as title3_0_ from quiz quiz0_
Hibernate: select answer0_.quiz_id as quiz_id1_1_0_, answer0_.answer as answer2_1_0_ from quiz_answer answer0_ where answer0_.quiz_id=?
[0, 1, 3]
[0, 1, 2]
Hibernate: select user0_.id as id1_3_, user0_.email as email2_3_, user0_.password as password3_3_, user0_.role as role4_3_ from user user0_ where user0_.email=?
Hibernate: select quiz0_.id as id1_0_, quiz0_.text as text2_0_, quiz0_.title as title3_0_ from quiz quiz0_
Hibernate: select answer0_.quiz_id as quiz_id1_1_0_, answer0_.answer as answer2_1_0_ from quiz_answer answer0_ where answer0_.quiz_id=?
[0, 1, 3]
[0, 1, 3]
Hibernate: select user0_.id as id1_3_, user0_.email as email2_3_, user0_.password as password3_3_, user0_.role as role4_3_ from user user0_ where user0_.email=?
Hibernate: select quiz0_.id as id1_0_0_, quiz0_.text as text2_0_0_, quiz0_.title as title3_0_0_ from quiz quiz0_ where quiz0_.id=?
Hibernate: select options0_.quiz_id as quiz_id1_2_0_, options0_.options as options2_2_0_ from quiz_options options0_ where options0_.quiz_id=?
Hibernate: select answer0_.quiz_id as quiz_id1_1_0_, answer0_.answer as answer2_1_0_ from quiz_answer answer0_ where answer0_.quiz_id=?
Optional[Quiz{id=3, title='The Java Logo', text='What is depicted on the Java logo?', options=[Robot, Tea leaf, Cup of coffee, Bug], answer=[2]}]
Hibernate: delete from quiz_answer where quiz_id=?
Hibernate: delete from quiz_options where quiz_id=?
Hibernate: delete from quiz where id=?
Hibernate: select user0_.id as id1_3_, user0_.email as email2_3_, user0_.password as password3_3_, user0_.role as role4_3_ from user user0_ where user0_.email=?
Hibernate: select quiz0_.id as id1_0_0_, quiz0_.text as text2_0_0_, quiz0_.title as title3_0_0_ from quiz quiz0_ where quiz0_.id=?
Optional.empty
Hibernate: select user0_.id as id1_3_, user0_.email as email2_3_, user0_.password as password3_3_, user0_.role as role4_3_ from user user0_ where user0_.email=?
Hibernate: select quiz0_.id as id1_0_0_, quiz0_.text as text2_0_0_, quiz0_.title as title3_0_0_ from quiz quiz0_ where quiz0_.id=?
Hibernate: select user0_.id as id1_3_, user0_.email as email2_3_, user0_.password as password3_3_, user0_.role as role4_3_ from user user0_ where user0_.email=?
Hibernate: select quiz0_.id as id1_0_0_, quiz0_.text as text2_0_0_, quiz0_.title as title3_0_0_ from quiz quiz0_ where quiz0_.id=?
Hibernate: select user0_.id as id1_3_, user0_.email as email2_3_, user0_.password as password3_3_, user0_.role as role4_3_ from user user0_ where user0_.email=?
Hibernate: select quiz0_.id as id1_0_0_, quiz0_.text as text2_0_0_, quiz0_.title as title3_0_0_ from quiz quiz0_ where quiz0_.id=?
Hibernate: select options0_.quiz_id as quiz_id1_2_0_, options0_.options as options2_2_0_ from quiz_options options0_ where options0_.quiz_id=?
Hibernate: select user0_.id as id1_3_, user0_.email as email2_3_, user0_.password as password3_3_, user0_.role as role4_3_ from user user0_ where user0_.email=?
Hibernate: select quiz0_.id as id1_0_0_, quiz0_.text as text2_0_0_, quiz0_.title as title3_0_0_ from quiz quiz0_ where quiz0_.id=?
Hibernate: select options0_.quiz_id as quiz_id1_2_0_, options0_.options as options2_2_0_ from quiz_options options0_ where options0_.quiz_id=?
Hibernate: select user0_.id as id1_3_, user0_.email as email2_3_, user0_.password as password3_3_, user0_.role as role4_3_ from user user0_ where user0_.email=?
Hibernate: select quiz0_.id as id1_0_0_, quiz0_.text as text2_0_0_, quiz0_.title as title3_0_0_ from quiz quiz0_ where quiz0_.id=?
Hibernate: select options0_.quiz_id as quiz_id1_2_0_, options0_.options as options2_2_0_ from quiz_options options0_ where options0_.quiz_id=?
Hibernate: select answer0_.quiz_id as quiz_id1_1_0_, answer0_.answer as answer2_1_0_ from quiz_answer answer0_ where answer0_.quiz_id=?
Optional[Quiz{id=4, title='The Ultimate Question', text='What is the answer to the Ultimate Question of Life, the Universe and Everything?', options=[Everything goes right, 42, 2+2=4, 11011100], answer=[1]}]
Hibernate: delete from quiz_answer where quiz_id=?
Hibernate: delete from quiz_options where quiz_id=?
Hibernate: delete from quiz where id=?
	at org.junit.Assert.fail(Assert.java:89)
	at org.hyperskill.hstest.stage.StageTest.start(StageTest.java:155)
	at java.base/jdk.internal.reflect.NativeMethodAccessorImpl.invoke0(Native Method)
	at java.base/jdk.internal.reflect.NativeMethodAccessorImpl.invoke(NativeMethodAccessorImpl.java:77)
	at java.base/jdk.internal.reflect.DelegatingMethodAccessorImpl.invoke(DelegatingMethodAccessorImpl.java:43)
	at java.base/java.lang.reflect.Method.invoke(Method.java:568)
	at org.junit.runners.model.FrameworkMethod$1.runReflectiveCall(FrameworkMethod.java:59)
	at org.junit.internal.runners.model.ReflectiveCallable.run(ReflectiveCallable.java:12)
	at org.junit.runners.model.FrameworkMethod.invokeExplosively(FrameworkMethod.java:56)
	at org.junit.internal.runners.statements.InvokeMethod.evaluate(InvokeMethod.java:17)
	at org.junit.internal.runners.statements.RunAfters.evaluate(RunAfters.java:27)
	at org.junit.runners.ParentRunner$3.evaluate(ParentRunner.java:306)
	at org.junit.runners.BlockJUnit4ClassRunner$1.evaluate(BlockJUnit4ClassRunner.java:100)
	at org.junit.runners.ParentRunner.runLeaf(ParentRunner.java:366)
	at org.junit.runners.BlockJUnit4ClassRunner.runChild(BlockJUnit4ClassRunner.java:103)
	at org.junit.runners.BlockJUnit4ClassRunner.runChild(BlockJUnit4ClassRunner.java:63)
	at org.junit.runners.ParentRunner$4.run(ParentRunner.java:331)
	at org.junit.runners.ParentRunner$1.schedule(ParentRunner.java:79)
	at org.junit.runners.ParentRunner.runChildren(ParentRunner.java:329)
	at org.junit.runners.ParentRunner.access$100(ParentRunner.java:66)
	at org.junit.runners.ParentRunner$2.evaluate(ParentRunner.java:293)
	at org.junit.runners.ParentRunner$3.evaluate(ParentRunner.java:306)
	at org.junit.runners.ParentRunner.run(ParentRunner.java:413)
	at org.gradle.api.internal.tasks.testing.junit.JUnitTestClassExecutor.runTestClass(JUnitTestClassExecutor.java:110)
	at org.gradle.api.internal.tasks.testing.junit.JUnitTestClassExecutor.execute(JUnitTestClassExecutor.java:58)
	at org.gradle.api.internal.tasks.testing.junit.JUnitTestClassExecutor.execute(JUnitTestClassExecutor.java:38)
	at org.gradle.api.internal.tasks.testing.junit.AbstractJUnitTestClassProcessor.processTestClass(AbstractJUnitTestClassProcessor.java:62)
	at org.gradle.api.internal.tasks.testing.SuiteTestClassProcessor.processTestClass(SuiteTestClassProcessor.java:51)
	at java.base/jdk.internal.reflect.NativeMethodAccessorImpl.invoke0(Native Method)
	at java.base/jdk.internal.reflect.NativeMethodAccessorImpl.invoke(NativeMethodAccessorImpl.java:77)
	at java.base/jdk.internal.reflect.DelegatingMethodAccessorImpl.invoke(DelegatingMethodAccessorImpl.java:43)
	at java.base/java.lang.reflect.Method.invoke(Method.java:568)
	at org.gradle.internal.dispatch.ReflectionDispatch.dispatch(ReflectionDispatch.java:36)
	at org.gradle.internal.dispatch.ReflectionDispatch.dispatch(ReflectionDispatch.java:24)
	at org.gradle.internal.dispatch.ContextClassLoaderDispatch.dispatch(ContextClassLoaderDispatch.java:33)
	at org.gradle.internal.dispatch.ProxyDispatchAdapter$DispatchingInvocationHandler.invoke(ProxyDispatchAdapter.java:94)
	at jdk.proxy1/jdk.proxy1.$Proxy2.processTestClass(Unknown Source)
	at org.gradle.api.internal.tasks.testing.worker.TestWorker$2.run(TestWorker.java:176)
	at org.gradle.api.internal.tasks.testing.worker.TestWorker.executeAndMaintainThreadName(TestWorker.java:129)
	at org.gradle.api.internal.tasks.testing.worker.TestWorker.execute(TestWorker.java:100)
	at org.gradle.api.internal.tasks.testing.worker.TestWorker.execute(TestWorker.java:60)
	at org.gradle.process.internal.worker.child.ActionExecutionWorker.execute(ActionExecutionWorker.java:56)
	at org.gradle.process.internal.worker.child.SystemApplicationClassLoaderWorker.call(SystemApplicationClassLoaderWorker.java:133)
	at org.gradle.process.internal.worker.child.SystemApplicationClassLoaderWorker.call(SystemApplicationClassLoaderWorker.java:71)
	at worker.org.gradle.process.internal.worker.GradleWorkerMain.run(GradleWorkerMain.java:69)
	at worker.org.gradle.process.internal.worker.GradleWorkerMain.main(GradleWorkerMain.java:74)
</failure>
  </testcase>
  <system-out><![CDATA[?[1;31m
Start test 1?[0m

  .   ____          _            __ _ _
 /\\ / ___'_ __ _ _(_)_ __  __ _ \ \ \ \
( ( )\___ | '_ | '_| | '_ \/ _` | \ \ \ \
 \\/  ___)| |_)| | | | | || (_| |  ) ) ) )
  '  |____| .__|_| |_|_| |_\__, | / / / /
 =========|_|==============|___/=/_/_/_/
 :: Spring Boot ::                (v2.5.6)

2022-06-09 17:50:26.846  INFO 2472 --- [    Test worker] engine.WebQuizEngine                     : Starting WebQuizEngine using Java 17.0.1 on Marvin with PID 2472 (started by Marvin in C:\Users\Marvin\Desktop\peti\Web Quiz Engine\Web Quiz Engine\task)
2022-06-09 17:50:26.850  INFO 2472 --- [    Test worker] engine.WebQuizEngine                     : No active profile set, falling back to default profiles: default
2022-06-09 17:50:28.748  INFO 2472 --- [    Test worker] .s.d.r.c.RepositoryConfigurationDelegate : Bootstrapping Spring Data JPA repositories in DEFAULT mode.
2022-06-09 17:50:28.862  INFO 2472 --- [    Test worker] .s.d.r.c.RepositoryConfigurationDelegate : Finished Spring Data repository scanning in 95 ms. Found 2 JPA repository interfaces.
2022-06-09 17:50:29.894  INFO 2472 --- [    Test worker] o.s.b.w.embedded.tomcat.TomcatWebServer  : Tomcat initialized with port(s): 8889 (http)
2022-06-09 17:50:29.913  INFO 2472 --- [    Test worker] o.apache.catalina.core.StandardService   : Starting service [Tomcat]
2022-06-09 17:50:29.915  INFO 2472 --- [    Test worker] org.apache.catalina.core.StandardEngine  : Starting Servlet engine: [Apache Tomcat/9.0.54]
2022-06-09 17:50:30.104  INFO 2472 --- [    Test worker] o.a.c.c.C.[Tomcat].[localhost].[/]       : Initializing Spring embedded WebApplicationContext
2022-06-09 17:50:30.105  INFO 2472 --- [    Test worker] w.s.c.ServletWebServerApplicationContext : Root WebApplicationContext: initialization completed in 3149 ms
2022-06-09 17:50:30.317  INFO 2472 --- [    Test worker] com.zaxxer.hikari.HikariDataSource       : HikariPool-1 - Starting...
2022-06-09 17:50:30.656  INFO 2472 --- [    Test worker] com.zaxxer.hikari.HikariDataSource       : HikariPool-1 - Start completed.
2022-06-09 17:50:30.668  INFO 2472 --- [    Test worker] o.s.b.a.h2.H2ConsoleAutoConfiguration    : H2 console available at '/h2-console'. Database available at 'jdbc:h2:file:../quizdb'
2022-06-09 17:50:30.976  INFO 2472 --- [    Test worker] o.hibernate.jpa.internal.util.LogHelper  : HHH000204: Processing PersistenceUnitInfo [name: default]
2022-06-09 17:50:31.096  INFO 2472 --- [    Test worker] org.hibernate.Version                    : HHH000412: Hibernate ORM core version 5.4.32.Final
2022-06-09 17:50:31.414  INFO 2472 --- [    Test worker] o.hibernate.annotations.common.Version   : HCANN000001: Hibernate Commons Annotations {5.1.2.Final}
2022-06-09 17:50:31.642  INFO 2472 --- [    Test worker] org.hibernate.dialect.Dialect            : HHH000400: Using dialect: org.hibernate.dialect.H2Dialect
Hibernate: create table quiz (id integer not null, text varchar(255) not null, title varchar(255) not null, primary key (id))
Hibernate: create table quiz_answer (quiz_id integer not null, answer integer)
Hibernate: create table quiz_options (quiz_id integer not null, options varchar(255))
Hibernate: create table user (id bigint not null, email varchar(255) not null, password varchar(255) not null, role varchar(255), primary key (id))
Hibernate: create sequence hibernate_sequence start with 1 increment by 1
Hibernate: alter table quiz_answer add constraint FKoxi2td1x8cc3y4a0vlsg2hfnc foreign key (quiz_id) references quiz
Hibernate: alter table quiz_options add constraint FKsx28j7orq6asg17veq9nblhw8 foreign key (quiz_id) references quiz
2022-06-09 17:50:32.946  INFO 2472 --- [    Test worker] o.h.e.t.j.p.i.JtaPlatformInitiator       : HHH000490: Using JtaPlatform implementation: [org.hibernate.engine.transaction.jta.platform.internal.NoJtaPlatform]
2022-06-09 17:50:32.964  INFO 2472 --- [    Test worker] j.LocalContainerEntityManagerFactoryBean : Initialized JPA EntityManagerFactory for persistence unit 'default'
2022-06-09 17:50:33.691  WARN 2472 --- [    Test worker] JpaBaseConfiguration$JpaWebConfiguration : spring.jpa.open-in-view is enabled by default. Therefore, database queries may be performed during view rendering. Explicitly configure spring.jpa.open-in-view to disable this warning
2022-06-09 17:50:34.007  INFO 2472 --- [    Test worker] o.s.s.web.DefaultSecurityFilterChain     : Will secure any request with [org.springframework.security.web.context.request.async.WebAsyncManagerIntegrationFilter@6705fb02, org.springframework.security.web.context.SecurityContextPersistenceFilter@32d46229, org.springframework.security.web.header.HeaderWriterFilter@7388486e, org.springframework.security.web.authentication.logout.LogoutFilter@2f7d8a7c, org.springframework.security.web.authentication.www.BasicAuthenticationFilter@5837cb9e, org.springframework.security.web.savedrequest.RequestCacheAwareFilter@7f08c343, org.springframework.security.web.servletapi.SecurityContextHolderAwareRequestFilter@7f3a92fd, org.springframework.security.web.authentication.AnonymousAuthenticationFilter@e2696e8, org.springframework.security.web.session.SessionManagementFilter@46c19350, org.springframework.security.web.access.ExceptionTranslationFilter@4518497e, org.springframework.security.web.access.intercept.FilterSecurityInterceptor@71c74011]
2022-06-09 17:50:34.860  INFO 2472 --- [    Test worker] o.s.b.a.e.web.EndpointLinksResolver      : Exposing 14 endpoint(s) beneath base path '/actuator'
2022-06-09 17:50:34.942  INFO 2472 --- [    Test worker] o.s.b.w.embedded.tomcat.TomcatWebServer  : Tomcat started on port(s): 8889 (http) with context path ''
2022-06-09 17:50:34.973  INFO 2472 --- [    Test worker] engine.WebQuizEngine                     : Started WebQuizEngine in 8.759 seconds (JVM running for 10.112)
2022-06-09 17:50:35.475  INFO 2472 --- [nio-8889-exec-1] o.a.c.c.C.[Tomcat].[localhost].[/]       : Initializing Spring DispatcherServlet 'dispatcherServlet'
2022-06-09 17:50:35.475  INFO 2472 --- [nio-8889-exec-1] o.s.web.servlet.DispatcherServlet        : Initializing Servlet 'dispatcherServlet'
2022-06-09 17:50:35.477  INFO 2472 --- [nio-8889-exec-1] o.s.web.servlet.DispatcherServlet        : Completed initialization in 1 ms
GLEDAJ VAMO!User{id=null, email='test@google.com', password='qwerty', role='null'}
Hibernate: select user0_.id as id1_3_, user0_.email as email2_3_, user0_.password as password3_3_, user0_.role as role4_3_ from user user0_ where user0_.email=?
Hibernate: call next value for hibernate_sequence
Hibernate: insert into user (email, password, role, id) values (?, ?, ?, ?)
?[1;31m
Start test 2?[0m
GLEDAJ VAMO!User{id=null, email='user@google.com', password='12345', role='null'}
Hibernate: select user0_.id as id1_3_, user0_.email as email2_3_, user0_.password as password3_3_, user0_.role as role4_3_ from user user0_ where user0_.email=?
Hibernate: call next value for hibernate_sequence
Hibernate: insert into user (email, password, role, id) values (?, ?, ?, ?)
?[1;31m
Start test 3?[0m
2022-06-09 17:50:36.363  WARN 2472 --- [nio-8889-exec-3] .w.s.m.s.DefaultHandlerExceptionResolver : Resolved [org.springframework.web.bind.MethodArgumentNotValidException: Validation failed for argument [0] in public void engine.contoller.QuizController.registerUser(engine.entity.User): [Field error in object 'user' on field 'email': rejected value [google.com]; codes [Email.user.email,Email.email,Email.java.lang.String,Email]; arguments [org.springframework.context.support.DefaultMessageSourceResolvable: codes [user.email,email]; arguments []; default message [email],[Ljavax.validation.constraints.Pattern$Flag;@40aa8c86,.+@.+\..+]; default message [must be a well-formed email address]] ]
?[1;31m
Start test 4?[0m
2022-06-09 17:50:36.421  WARN 2472 --- [nio-8889-exec-4] .w.s.m.s.DefaultHandlerExceptionResolver : Resolved [org.springframework.web.bind.MethodArgumentNotValidException: Validation failed for argument [0] in public void engine.contoller.QuizController.registerUser(engine.entity.User): [Field error in object 'user' on field 'email': rejected value [well@googlecom]; codes [Email.user.email,Email.email,Email.java.lang.String,Email]; arguments [org.springframework.context.support.DefaultMessageSourceResolvable: codes [user.email,email]; arguments []; default message [email],[Ljavax.validation.constraints.Pattern$Flag;@40aa8c86,.+@.+\..+]; default message [must be a well-formed email address]] ]
?[1;31m
Start test 5?[0m
GLEDAJ VAMO!User{id=null, email='test@google.com', password='rtyfgcxsfd1', role='null'}
Hibernate: select user0_.id as id1_3_, user0_.email as email2_3_, user0_.password as password3_3_, user0_.role as role4_3_ from user user0_ where user0_.email=?
?[1;31m
Start test 6?[0m
2022-06-09 17:50:36.461  WARN 2472 --- [nio-8889-exec-6] .w.s.m.s.DefaultHandlerExceptionResolver : Resolved [org.springframework.web.bind.MethodArgumentNotValidException: Validation failed for argument [0] in public void engine.contoller.QuizController.registerUser(engine.entity.User): [Field error in object 'user' on field 'password': rejected value [1234]; codes [Size.user.password,Size.password,Size.java.lang.String,Size]; arguments [org.springframework.context.support.DefaultMessageSourceResolvable: codes [user.password,password]; arguments []; default message [password],2147483647,5]; default message [size must be between 5 and 2147483647]] ]
?[1;31m
Start test 7?[0m
2022-06-09 17:50:36.475  WARN 2472 --- [nio-8889-exec-7] .w.s.m.s.DefaultHandlerExceptionResolver : Resolved [org.springframework.web.bind.MethodArgumentNotValidException: Validation failed for argument [0] in public void engine.contoller.QuizController.registerUser(engine.entity.User): [Field error in object 'user' on field 'password': rejected value [123]; codes [Size.user.password,Size.password,Size.java.lang.String,Size]; arguments [org.springframework.context.support.DefaultMessageSourceResolvable: codes [user.password,password]; arguments []; default message [password],2147483647,5]; default message [size must be between 5 and 2147483647]] ]
?[1;31m
Start test 8?[0m
Hibernate: select user0_.id as id1_3_, user0_.email as email2_3_, user0_.password as password3_3_, user0_.role as role4_3_ from user user0_ where user0_.email=?
Hibernate: select quiz0_.id as id1_0_, quiz0_.text as text2_0_, quiz0_.title as title3_0_ from quiz quiz0_
?[1;31m
Start test 9?[0m
Hibernate: select user0_.id as id1_3_, user0_.email as email2_3_, user0_.password as password3_3_, user0_.role as role4_3_ from user user0_ where user0_.email=?
Hibernate: select quiz0_.id as id1_0_, quiz0_.text as text2_0_, quiz0_.title as title3_0_ from quiz quiz0_
?[1;31m
Start test 10?[0m
Hibernate: select user0_.id as id1_3_, user0_.email as email2_3_, user0_.password as password3_3_, user0_.role as role4_3_ from user user0_ where user0_.email=?
Hibernate: call next value for hibernate_sequence
Hibernate: insert into quiz (text, title, id) values (?, ?, ?)
Hibernate: insert into quiz_answer (quiz_id, answer) values (?, ?)
Hibernate: insert into quiz_options (quiz_id, options) values (?, ?)
Hibernate: insert into quiz_options (quiz_id, options) values (?, ?)
Hibernate: insert into quiz_options (quiz_id, options) values (?, ?)
Hibernate: insert into quiz_options (quiz_id, options) values (?, ?)
?[1;31m
Start test 11?[0m
Hibernate: select user0_.id as id1_3_, user0_.email as email2_3_, user0_.password as password3_3_, user0_.role as role4_3_ from user user0_ where user0_.email=?
Hibernate: select quiz0_.id as id1_0_0_, quiz0_.text as text2_0_0_, quiz0_.title as title3_0_0_ from quiz quiz0_ where quiz0_.id=?
Hibernate: select options0_.quiz_id as quiz_id1_2_0_, options0_.options as options2_2_0_ from quiz_options options0_ where options0_.quiz_id=?
?[1;31m
Start test 12?[0m
Hibernate: select user0_.id as id1_3_, user0_.email as email2_3_, user0_.password as password3_3_, user0_.role as role4_3_ from user user0_ where user0_.email=?
Hibernate: select quiz0_.id as id1_0_0_, quiz0_.text as text2_0_0_, quiz0_.title as title3_0_0_ from quiz quiz0_ where quiz0_.id=?
?[1;31m
Start test 13?[0m
Hibernate: select user0_.id as id1_3_, user0_.email as email2_3_, user0_.password as password3_3_, user0_.role as role4_3_ from user user0_ where user0_.email=?
Hibernate: select quiz0_.id as id1_0_, quiz0_.text as text2_0_, quiz0_.title as title3_0_ from quiz quiz0_
Hibernate: select options0_.quiz_id as quiz_id1_2_0_, options0_.options as options2_2_0_ from quiz_options options0_ where options0_.quiz_id=?
?[1;31m
Start test 14?[0m
Hibernate: select user0_.id as id1_3_, user0_.email as email2_3_, user0_.password as password3_3_, user0_.role as role4_3_ from user user0_ where user0_.email=?
Hibernate: call next value for hibernate_sequence
Hibernate: insert into quiz (text, title, id) values (?, ?, ?)
Hibernate: insert into quiz_answer (quiz_id, answer) values (?, ?)
Hibernate: insert into quiz_options (quiz_id, options) values (?, ?)
Hibernate: insert into quiz_options (quiz_id, options) values (?, ?)
Hibernate: insert into quiz_options (quiz_id, options) values (?, ?)
Hibernate: insert into quiz_options (quiz_id, options) values (?, ?)
?[1;31m
Start test 15?[0m
Hibernate: select user0_.id as id1_3_, user0_.email as email2_3_, user0_.password as password3_3_, user0_.role as role4_3_ from user user0_ where user0_.email=?
Hibernate: select quiz0_.id as id1_0_0_, quiz0_.text as text2_0_0_, quiz0_.title as title3_0_0_ from quiz quiz0_ where quiz0_.id=?
Hibernate: select options0_.quiz_id as quiz_id1_2_0_, options0_.options as options2_2_0_ from quiz_options options0_ where options0_.quiz_id=?
?[1;31m
Start test 16?[0m
Hibernate: select user0_.id as id1_3_, user0_.email as email2_3_, user0_.password as password3_3_, user0_.role as role4_3_ from user user0_ where user0_.email=?
Hibernate: select quiz0_.id as id1_0_0_, quiz0_.text as text2_0_0_, quiz0_.title as title3_0_0_ from quiz quiz0_ where quiz0_.id=?
?[1;31m
Start test 17?[0m
Hibernate: select user0_.id as id1_3_, user0_.email as email2_3_, user0_.password as password3_3_, user0_.role as role4_3_ from user user0_ where user0_.email=?
Hibernate: select quiz0_.id as id1_0_, quiz0_.text as text2_0_, quiz0_.title as title3_0_ from quiz quiz0_
Hibernate: select options0_.quiz_id as quiz_id1_2_0_, options0_.options as options2_2_0_ from quiz_options options0_ where options0_.quiz_id=?
Hibernate: select options0_.quiz_id as quiz_id1_2_0_, options0_.options as options2_2_0_ from quiz_options options0_ where options0_.quiz_id=?
?[1;31m
Start test 18?[0m
?[1;31m
Start test 19?[0m
?[1;31m
Start test 20?[0m
?[1;31m
Start test 21?[0m
?[1;31m
Start test 22?[0m
?[1;31m
Start test 23?[0m
?[1;31m
Start test 24?[0m
?[1;31m
Start test 25?[0m
Hibernate: select user0_.id as id1_3_, user0_.email as email2_3_, user0_.password as password3_3_, user0_.role as role4_3_ from user user0_ where user0_.email=?
?[1;31m
Start test 26?[0m
Hibernate: select user0_.id as id1_3_, user0_.email as email2_3_, user0_.password as password3_3_, user0_.role as role4_3_ from user user0_ where user0_.email=?
?[1;31m
Start test 27?[0m
Hibernate: select user0_.id as id1_3_, user0_.email as email2_3_, user0_.password as password3_3_, user0_.role as role4_3_ from user user0_ where user0_.email=?
?[1;31m
Start test 28?[0m
Hibernate: select user0_.id as id1_3_, user0_.email as email2_3_, user0_.password as password3_3_, user0_.role as role4_3_ from user user0_ where user0_.email=?
?[1;31m
Start test 29?[0m
Hibernate: select user0_.id as id1_3_, user0_.email as email2_3_, user0_.password as password3_3_, user0_.role as role4_3_ from user user0_ where user0_.email=?
?[1;31m
Start test 30?[0m
Hibernate: select user0_.id as id1_3_, user0_.email as email2_3_, user0_.password as password3_3_, user0_.role as role4_3_ from user user0_ where user0_.email=?
?[1;31m
Start test 31?[0m
Hibernate: select user0_.id as id1_3_, user0_.email as email2_3_, user0_.password as password3_3_, user0_.role as role4_3_ from user user0_ where user0_.email=?
?[1;31m
Start test 32?[0m
Hibernate: select user0_.id as id1_3_, user0_.email as email2_3_, user0_.password as password3_3_, user0_.role as role4_3_ from user user0_ where user0_.email=?
Hibernate: select quiz0_.id as id1_0_, quiz0_.text as text2_0_, quiz0_.title as title3_0_ from quiz quiz0_
Hibernate: select answer0_.quiz_id as quiz_id1_1_0_, answer0_.answer as answer2_1_0_ from quiz_answer answer0_ where answer0_.quiz_id=?
[2]
[0]
?[1;31m
Start test 33?[0m
Hibernate: select user0_.id as id1_3_, user0_.email as email2_3_, user0_.password as password3_3_, user0_.role as role4_3_ from user user0_ where user0_.email=?
Hibernate: select quiz0_.id as id1_0_, quiz0_.text as text2_0_, quiz0_.title as title3_0_ from quiz quiz0_
Hibernate: select answer0_.quiz_id as quiz_id1_1_0_, answer0_.answer as answer2_1_0_ from quiz_answer answer0_ where answer0_.quiz_id=?
[2]
[1]
?[1;31m
Start test 34?[0m
Hibernate: select user0_.id as id1_3_, user0_.email as email2_3_, user0_.password as password3_3_, user0_.role as role4_3_ from user user0_ where user0_.email=?
Hibernate: select quiz0_.id as id1_0_, quiz0_.text as text2_0_, quiz0_.title as title3_0_ from quiz quiz0_
Hibernate: select answer0_.quiz_id as quiz_id1_1_0_, answer0_.answer as answer2_1_0_ from quiz_answer answer0_ where answer0_.quiz_id=?
[2]
[2]
?[1;31m
Start test 35?[0m
Hibernate: select user0_.id as id1_3_, user0_.email as email2_3_, user0_.password as password3_3_, user0_.role as role4_3_ from user user0_ where user0_.email=?
Hibernate: select quiz0_.id as id1_0_, quiz0_.text as text2_0_, quiz0_.title as title3_0_ from quiz quiz0_
Hibernate: select answer0_.quiz_id as quiz_id1_1_0_, answer0_.answer as answer2_1_0_ from quiz_answer answer0_ where answer0_.quiz_id=?
[2]
[3]
?[1;31m
Start test 36?[0m
Hibernate: select user0_.id as id1_3_, user0_.email as email2_3_, user0_.password as password3_3_, user0_.role as role4_3_ from user user0_ where user0_.email=?
Hibernate: select quiz0_.id as id1_0_, quiz0_.text as text2_0_, quiz0_.title as title3_0_ from quiz quiz0_
Hibernate: select answer0_.quiz_id as quiz_id1_1_0_, answer0_.answer as answer2_1_0_ from quiz_answer answer0_ where answer0_.quiz_id=?
[1]
[0]
?[1;31m
Start test 37?[0m
Hibernate: select user0_.id as id1_3_, user0_.email as email2_3_, user0_.password as password3_3_, user0_.role as role4_3_ from user user0_ where user0_.email=?
Hibernate: select quiz0_.id as id1_0_, quiz0_.text as text2_0_, quiz0_.title as title3_0_ from quiz quiz0_
Hibernate: select answer0_.quiz_id as quiz_id1_1_0_, answer0_.answer as answer2_1_0_ from quiz_answer answer0_ where answer0_.quiz_id=?
[1]
[1]
?[1;31m
Start test 38?[0m
Hibernate: select user0_.id as id1_3_, user0_.email as email2_3_, user0_.password as password3_3_, user0_.role as role4_3_ from user user0_ where user0_.email=?
Hibernate: select quiz0_.id as id1_0_, quiz0_.text as text2_0_, quiz0_.title as title3_0_ from quiz quiz0_
Hibernate: select answer0_.quiz_id as quiz_id1_1_0_, answer0_.answer as answer2_1_0_ from quiz_answer answer0_ where answer0_.quiz_id=?
[1]
[2]
?[1;31m
Start test 39?[0m
Hibernate: select user0_.id as id1_3_, user0_.email as email2_3_, user0_.password as password3_3_, user0_.role as role4_3_ from user user0_ where user0_.email=?
Hibernate: select quiz0_.id as id1_0_, quiz0_.text as text2_0_, quiz0_.title as title3_0_ from quiz quiz0_
Hibernate: select answer0_.quiz_id as quiz_id1_1_0_, answer0_.answer as answer2_1_0_ from quiz_answer answer0_ where answer0_.quiz_id=?
[1]
[3]
?[1;31m
Start test 40?[0m
Hibernate: select user0_.id as id1_3_, user0_.email as email2_3_, user0_.password as password3_3_, user0_.role as role4_3_ from user user0_ where user0_.email=?
Hibernate: select quiz0_.id as id1_0_, quiz0_.text as text2_0_, quiz0_.title as title3_0_ from quiz quiz0_
Hibernate: select options0_.quiz_id as quiz_id1_2_0_, options0_.options as options2_2_0_ from quiz_options options0_ where options0_.quiz_id=?
Hibernate: select options0_.quiz_id as quiz_id1_2_0_, options0_.options as options2_2_0_ from quiz_options options0_ where options0_.quiz_id=?
?[1;31m
Start test 41?[0m
Hibernate: select user0_.id as id1_3_, user0_.email as email2_3_, user0_.password as password3_3_, user0_.role as role4_3_ from user user0_ where user0_.email=?
Hibernate: select quiz0_.id as id1_0_, quiz0_.text as text2_0_, quiz0_.title as title3_0_ from quiz quiz0_
Hibernate: select options0_.quiz_id as quiz_id1_2_0_, options0_.options as options2_2_0_ from quiz_options options0_ where options0_.quiz_id=?
Hibernate: select options0_.quiz_id as quiz_id1_2_0_, options0_.options as options2_2_0_ from quiz_options options0_ where options0_.quiz_id=?
?[1;31m
Start test 42?[0m
2022-06-09 17:50:39.774  INFO 2472 --- [       Thread-5] j.LocalContainerEntityManagerFactoryBean : Closing JPA EntityManagerFactory for persistence unit 'default'
2022-06-09 17:50:39.778  INFO 2472 --- [       Thread-5] com.zaxxer.hikari.HikariDataSource       : HikariPool-1 - Shutdown initiated...
2022-06-09 17:50:39.807  INFO 2472 --- [       Thread-5] com.zaxxer.hikari.HikariDataSource       : HikariPool-1 - Shutdown completed.

  .   ____          _            __ _ _
 /\\ / ___'_ __ _ _(_)_ __  __ _ \ \ \ \
( ( )\___ | '_ | '_| | '_ \/ _` | \ \ \ \
 \\/  ___)| |_)| | | | | || (_| |  ) ) ) )
  '  |____| .__|_| |_|_| |_\__, | / / / /
 =========|_|==============|___/=/_/_/_/
 :: Spring Boot ::                (v2.5.6)

2022-06-09 17:50:39.950  INFO 2472 --- [    Test worker] engine.WebQuizEngine                     : Starting WebQuizEngine using Java 17.0.1 on Marvin with PID 2472 (started by Marvin in C:\Users\Marvin\Desktop\peti\Web Quiz Engine\Web Quiz Engine\task)
2022-06-09 17:50:39.950  INFO 2472 --- [    Test worker] engine.WebQuizEngine                     : No active profile set, falling back to default profiles: default
2022-06-09 17:50:40.481  INFO 2472 --- [    Test worker] .s.d.r.c.RepositoryConfigurationDelegate : Bootstrapping Spring Data JPA repositories in DEFAULT mode.
2022-06-09 17:50:40.504  INFO 2472 --- [    Test worker] .s.d.r.c.RepositoryConfigurationDelegate : Finished Spring Data repository scanning in 23 ms. Found 2 JPA repository interfaces.
2022-06-09 17:50:40.633  INFO 2472 --- [    Test worker] o.s.b.w.embedded.tomcat.TomcatWebServer  : Tomcat initialized with port(s): 8889 (http)
2022-06-09 17:50:40.634  INFO 2472 --- [    Test worker] o.apache.catalina.core.StandardService   : Starting service [Tomcat]
[...]
Hibernate: select answer0_.quiz_id as quiz_id1_1_0_, answer0_.answer as answer2_1_0_ from quiz_answer answer0_ where answer0_.quiz_id=?
[0, 1, 3]
[]
?[1;31m
Start test 132?[0m
Hibernate: select user0_.id as id1_3_, user0_.email as email2_3_, user0_.password as password3_3_, user0_.role as role4_3_ from user user0_ where user0_.email=?
Hibernate: select quiz0_.id as id1_0_, quiz0_.text as text2_0_, quiz0_.title as title3_0_ from quiz quiz0_
Hibernate: select answer0_.quiz_id as quiz_id1_1_0_, answer0_.answer as answer2_1_0_ from quiz_answer answer0_ where answer0_.quiz_id=?
[0, 1, 3]
[0]
?[1;31m
Start test 133?[0m
Hibernate: select user0_.id as id1_3_, user0_.email as email2_3_, user0_.password as password3_3_, user0_.role as role4_3_ from user user0_ where user0_.email=?
Hibernate: select quiz0_.id as id1_0_, quiz0_.text as text2_0_, quiz0_.title as title3_0_ from quiz quiz0_
Hibernate: select answer0_.quiz_id as quiz_id1_1_0_, answer0_.answer as answer2_1_0_ from quiz_answer answer0_ where answer0_.quiz_id=?
[0, 1, 3]
[1]
?[1;31m
Start test 134?[0m
Hibernate: select user0_.id as id1_3_, user0_.email as email2_3_, user0_.password as password3_3_, user0_.role as role4_3_ from user user0_ where user0_.email=?
Hibernate: select quiz0_.id as id1_0_, quiz0_.text as text2_0_, quiz0_.title as title3_0_ from quiz quiz0_
Hibernate: select answer0_.quiz_id as quiz_id1_1_0_, answer0_.answer as answer2_1_0_ from quiz_answer answer0_ where answer0_.quiz_id=?
[0, 1, 3]
[2]
?[1;31m
Start test 135?[0m
Hibernate: select user0_.id as id1_3_, user0_.email as email2_3_, user0_.password as password3_3_, user0_.role as role4_3_ from user user0_ where user0_.email=?
Hibernate: select quiz0_.id as id1_0_, quiz0_.text as text2_0_, quiz0_.title as title3_0_ from quiz quiz0_
Hibernate: select answer0_.quiz_id as quiz_id1_1_0_, answer0_.answer as answer2_1_0_ from quiz_answer answer0_ where answer0_.quiz_id=?
[0, 1, 3]
[3]
?[1;31m
Start test 136?[0m
Hibernate: select user0_.id as id1_3_, user0_.email as email2_3_, user0_.password as password3_3_, user0_.role as role4_3_ from user user0_ where user0_.email=?
Hibernate: select quiz0_.id as id1_0_, quiz0_.text as text2_0_, quiz0_.title as title3_0_ from quiz quiz0_
Hibernate: select answer0_.quiz_id as quiz_id1_1_0_, answer0_.answer as answer2_1_0_ from quiz_answer answer0_ where answer0_.quiz_id=?
[0, 1, 3]
[0, 1]
?[1;31m
Start test 137?[0m
Hibernate: select user0_.id as id1_3_, user0_.email as email2_3_, user0_.password as password3_3_, user0_.role as role4_3_ from user user0_ where user0_.email=?
Hibernate: select quiz0_.id as id1_0_, quiz0_.text as text2_0_, quiz0_.title as title3_0_ from quiz quiz0_
Hibernate: select answer0_.quiz_id as quiz_id1_1_0_, answer0_.answer as answer2_1_0_ from quiz_answer answer0_ where answer0_.quiz_id=?
[0, 1, 3]
[0, 2]
?[1;31m
Start test 138?[0m
Hibernate: select user0_.id as id1_3_, user0_.email as email2_3_, user0_.password as password3_3_, user0_.role as role4_3_ from user user0_ where user0_.email=?
Hibernate: select quiz0_.id as id1_0_, quiz0_.text as text2_0_, quiz0_.title as title3_0_ from quiz quiz0_
Hibernate: select answer0_.quiz_id as quiz_id1_1_0_, answer0_.answer as answer2_1_0_ from quiz_answer answer0_ where answer0_.quiz_id=?
[0, 1, 3]
[0, 3]
?[1;31m
Start test 139?[0m
Hibernate: select user0_.id as id1_3_, user0_.email as email2_3_, user0_.password as password3_3_, user0_.role as role4_3_ from user user0_ where user0_.email=?
Hibernate: select quiz0_.id as id1_0_, quiz0_.text as text2_0_, quiz0_.title as title3_0_ from quiz quiz0_
Hibernate: select answer0_.quiz_id as quiz_id1_1_0_, answer0_.answer as answer2_1_0_ from quiz_answer answer0_ where answer0_.quiz_id=?
[0, 1, 3]
[1, 2]
?[1;31m
Start test 140?[0m
Hibernate: select user0_.id as id1_3_, user0_.email as email2_3_, user0_.password as password3_3_, user0_.role as role4_3_ from user user0_ where user0_.email=?
Hibernate: select quiz0_.id as id1_0_, quiz0_.text as text2_0_, quiz0_.title as title3_0_ from quiz quiz0_
Hibernate: select answer0_.quiz_id as quiz_id1_1_0_, answer0_.answer as answer2_1_0_ from quiz_answer answer0_ where answer0_.quiz_id=?
[0, 1, 3]
[1, 3]
?[1;31m
Start test 141?[0m
Hibernate: select user0_.id as id1_3_, user0_.email as email2_3_, user0_.password as password3_3_, user0_.role as role4_3_ from user user0_ where user0_.email=?
Hibernate: select quiz0_.id as id1_0_, quiz0_.text as text2_0_, quiz0_.title as title3_0_ from quiz quiz0_
Hibernate: select answer0_.quiz_id as quiz_id1_1_0_, answer0_.answer as answer2_1_0_ from quiz_answer answer0_ where answer0_.quiz_id=?
[0, 1, 3]
[2, 3]
?[1;31m
Start test 142?[0m
Hibernate: select user0_.id as id1_3_, user0_.email as email2_3_, user0_.password as password3_3_, user0_.role as role4_3_ from user user0_ where user0_.email=?
Hibernate: select quiz0_.id as id1_0_, quiz0_.text as text2_0_, quiz0_.title as title3_0_ from quiz quiz0_
Hibernate: select answer0_.quiz_id as quiz_id1_1_0_, answer0_.answer as answer2_1_0_ from quiz_answer answer0_ where answer0_.quiz_id=?
[0, 1, 3]
[0, 1, 2]
?[1;31m
Start test 143?[0m
Hibernate: select user0_.id as id1_3_, user0_.email as email2_3_, user0_.password as password3_3_, user0_.role as role4_3_ from user user0_ where user0_.email=?
Hibernate: select quiz0_.id as id1_0_, quiz0_.text as text2_0_, quiz0_.title as title3_0_ from quiz quiz0_
Hibernate: select answer0_.quiz_id as quiz_id1_1_0_, answer0_.answer as answer2_1_0_ from quiz_answer answer0_ where answer0_.quiz_id=?
[0, 1, 3]
[0, 1, 3]
?[1;31m
Start test 144?[0m
Hibernate: select user0_.id as id1_3_, user0_.email as email2_3_, user0_.password as password3_3_, user0_.role as role4_3_ from user user0_ where user0_.email=?
Hibernate: select quiz0_.id as id1_0_, quiz0_.text as text2_0_, quiz0_.title as title3_0_ from quiz quiz0_
Hibernate: select answer0_.quiz_id as quiz_id1_1_0_, answer0_.answer as answer2_1_0_ from quiz_answer answer0_ where answer0_.quiz_id=?
[0, 1, 3]
[1, 2, 3]
?[1;31m
Start test 145?[0m
Hibernate: select user0_.id as id1_3_, user0_.email as email2_3_, user0_.password as password3_3_, user0_.role as role4_3_ from user user0_ where user0_.email=?
Hibernate: select quiz0_.id as id1_0_, quiz0_.text as text2_0_, quiz0_.title as title3_0_ from quiz quiz0_
Hibernate: select answer0_.quiz_id as quiz_id1_1_0_, answer0_.answer as answer2_1_0_ from quiz_answer answer0_ where answer0_.quiz_id=?
[0, 1, 3]
[0, 1, 2, 3]
?[1;31m
Start test 146?[0m
Hibernate: select user0_.id as id1_3_, user0_.email as email2_3_, user0_.password as password3_3_, user0_.role as role4_3_ from user user0_ where user0_.email=?
Hibernate: select quiz0_.id as id1_0_, quiz0_.text as text2_0_, quiz0_.title as title3_0_ from quiz quiz0_
Hibernate: select options0_.quiz_id as quiz_id1_2_0_, options0_.options as options2_2_0_ from quiz_options options0_ where options0_.quiz_id=?
Hibernate: select options0_.quiz_id as quiz_id1_2_0_, options0_.options as options2_2_0_ from quiz_options options0_ where options0_.quiz_id=?
Hibernate: select options0_.quiz_id as quiz_id1_2_0_, options0_.options as options2_2_0_ from quiz_options options0_ where options0_.quiz_id=?
Hibernate: select options0_.quiz_id as quiz_id1_2_0_, options0_.options as options2_2_0_ from quiz_options options0_ where options0_.quiz_id=?
Hibernate: select options0_.quiz_id as quiz_id1_2_0_, options0_.options as options2_2_0_ from quiz_options options0_ where options0_.quiz_id=?
Hibernate: select options0_.quiz_id as quiz_id1_2_0_, options0_.options as options2_2_0_ from quiz_options options0_ where options0_.quiz_id=?
Hibernate: select options0_.quiz_id as quiz_id1_2_0_, options0_.options as options2_2_0_ from quiz_options options0_ where options0_.quiz_id=?
?[1;31m
Start test 147?[0m

  .   ____          _            __ _ _
 /\\ / ___'_ __ _ _(_)_ __  __ _ \ \ \ \
( ( )\___ | '_ | '_| | '_ \/ _` | \ \ \ \
 \\/  ___)| |_)| | | | | || (_| |  ) ) ) )
  '  |____| .__|_| |_|_| |_\__, | / / / /
 =========|_|==============|___/=/_/_/_/
 :: Spring Boot ::                (v2.5.6)

2022-06-09 17:50:53.368  INFO 2472 --- [    Test worker] engine.WebQuizEngine                     : Starting WebQuizEngine using Java 17.0.1 on Marvin with PID 2472 (started by Marvin in C:\Users\Marvin\Desktop\peti\Web Quiz Engine\Web Quiz Engine\task)
2022-06-09 17:50:53.368  INFO 2472 --- [    Test worker] engine.WebQuizEngine                     : No active profile set, falling back to default profiles: default
2022-06-09 17:50:53.395  INFO 2472 --- [       Thread-7] com.zaxxer.hikari.HikariDataSource       : HikariPool-2 - Shutdown completed.
2022-06-09 17:50:53.857  INFO 2472 --- [    Test worker] .s.d.r.c.RepositoryConfigurationDelegate : Bootstrapping Spring Data JPA repositories in DEFAULT mode.
2022-06-09 17:50:53.879  INFO 2472 --- [    Test worker] .s.d.r.c.RepositoryConfigurationDelegate : Finished Spring Data repository scanning in 21 ms. Found 2 JPA repository interfaces.
2022-06-09 17:50:54.015  INFO 2472 --- [    Test worker] o.s.b.w.embedded.tomcat.TomcatWebServer  : Tomcat initialized with port(s): 8889 (http)
2022-06-09 17:50:54.016  INFO 2472 --- [    Test worker] o.apache.catalina.core.StandardService   : Starting service [Tomcat]
2022-06-09 17:50:54.016  INFO 2472 --- [    Test worker] org.apache.catalina.core.StandardEngine  : Starting Servlet engine: [Apache Tomcat/9.0.54]
2022-06-09 17:50:54.071  INFO 2472 --- [    Test worker] o.a.c.c.C.[Tomcat].[localhost].[/]       : Initializing Spring embedded WebApplicationContext
2022-06-09 17:50:54.072  INFO 2472 --- [    Test worker] w.s.c.ServletWebServerApplicationContext : Root WebApplicationContext: initialization completed in 699 ms
2022-06-09 17:50:54.113  INFO 2472 --- [    Test worker] com.zaxxer.hikari.HikariDataSource       : HikariPool-3 - Starting...
2022-06-09 17:50:54.131  INFO 2472 --- [    Test worker] com.zaxxer.hikari.HikariDataSource       : HikariPool-3 - Start completed.
2022-06-09 17:50:54.131  INFO 2472 --- [    Test worker] o.s.b.a.h2.H2ConsoleAutoConfiguration    : H2 console available at '/h2-console'. Database available at 'jdbc:h2:file:../quizdb'
2022-06-09 17:50:54.183  INFO 2472 --- [    Test worker] o.hibernate.jpa.internal.util.LogHelper  : HHH000204: Processing PersistenceUnitInfo [name: default]
2022-06-09 17:50:54.196  INFO 2472 --- [    Test worker] org.hibernate.dialect.Dialect            : HHH000400: Using dialect: org.hibernate.dialect.H2Dialect
2022-06-09 17:50:54.288  INFO 2472 --- [    Test worker] o.h.e.t.j.p.i.JtaPlatformInitiator       : HHH000490: Using JtaPlatform implementation: [org.hibernate.engine.transaction.jta.platform.internal.NoJtaPlatform]
2022-06-09 17:50:54.288  INFO 2472 --- [    Test worker] j.LocalContainerEntityManagerFactoryBean : Initialized JPA EntityManagerFactory for persistence unit 'default'
2022-06-09 17:50:54.420  WARN 2472 --- [    Test worker] JpaBaseConfiguration$JpaWebConfiguration : spring.jpa.open-in-view is enabled by default. Therefore, database queries may be performed during view rendering. Explicitly configure spring.jpa.open-in-view to disable this warning
2022-06-09 17:50:54.451  INFO 2472 --- [    Test worker] o.s.s.web.DefaultSecurityFilterChain     : Will secure any request with [org.springframework.security.web.context.request.async.WebAsyncManagerIntegrationFilter@3bc00359, org.springframework.security.web.context.SecurityContextPersistenceFilter@5edeb83e, org.springframework.security.web.header.HeaderWriterFilter@4c29138a, org.springframework.security.web.authentication.logout.LogoutFilter@542adcfa, org.springframework.security.web.authentication.www.BasicAuthenticationFilter@11f6a083, org.springframework.security.web.savedrequest.RequestCacheAwareFilter@4844cbe4, org.springframework.security.web.servletapi.SecurityContextHolderAwareRequestFilter@4c752425, org.springframework.security.web.authentication.AnonymousAuthenticationFilter@30b91493, org.springframework.security.web.session.SessionManagementFilter@199549a5, org.springframework.security.web.access.ExceptionTranslationFilter@48ebcce5, org.springframework.security.web.access.intercept.FilterSecurityInterceptor@45da40ad]
2022-06-09 17:50:54.659  INFO 2472 --- [    Test worker] o.s.b.a.e.web.EndpointLinksResolver      : Exposing 14 endpoint(s) beneath base path '/actuator'
2022-06-09 17:50:54.678  INFO 2472 --- [    Test worker] o.s.b.w.embedded.tomcat.TomcatWebServer  : Tomcat started on port(s): 8889 (http) with context path ''
2022-06-09 17:50:54.686  INFO 2472 --- [    Test worker] engine.WebQuizEngine                     : Started WebQuizEngine in 1.373 seconds (JVM running for 29.825)
?[1;31m
Start test 148?[0m
2022-06-09 17:50:54.695  INFO 2472 --- [nio-8889-exec-1] o.a.c.c.C.[Tomcat].[localhost].[/]       : Initializing Spring DispatcherServlet 'dispatcherServlet'
2022-06-09 17:50:54.695  INFO 2472 --- [nio-8889-exec-1] o.s.web.servlet.DispatcherServlet        : Initializing Servlet 'dispatcherServlet'
2022-06-09 17:50:54.698  INFO 2472 --- [nio-8889-exec-1] o.s.web.servlet.DispatcherServlet        : Completed initialization in 2 ms
Hibernate: select user0_.id as id1_3_, user0_.email as email2_3_, user0_.password as password3_3_, user0_.role as role4_3_ from user user0_ where user0_.email=?
Hibernate: select quiz0_.id as id1_0_, quiz0_.text as text2_0_, quiz0_.title as title3_0_ from quiz quiz0_
Hibernate: select options0_.quiz_id as quiz_id1_2_0_, options0_.options as options2_2_0_ from quiz_options options0_ where options0_.quiz_id=?
Hibernate: select options0_.quiz_id as quiz_id1_2_0_, options0_.options as options2_2_0_ from quiz_options options0_ where options0_.quiz_id=?
Hibernate: select options0_.quiz_id as quiz_id1_2_0_, options0_.options as options2_2_0_ from quiz_options options0_ where options0_.quiz_id=?
Hibernate: select options0_.quiz_id as quiz_id1_2_0_, options0_.options as options2_2_0_ from quiz_options options0_ where options0_.quiz_id=?
Hibernate: select options0_.quiz_id as quiz_id1_2_0_, options0_.options as options2_2_0_ from quiz_options options0_ where options0_.quiz_id=?
Hibernate: select options0_.quiz_id as quiz_id1_2_0_, options0_.options as options2_2_0_ from quiz_options options0_ where options0_.quiz_id=?
Hibernate: select options0_.quiz_id as quiz_id1_2_0_, options0_.options as options2_2_0_ from quiz_options options0_ where options0_.quiz_id=?
?[1;31m
Start test 149?[0m
Hibernate: select user0_.id as id1_3_, user0_.email as email2_3_, user0_.password as password3_3_, user0_.role as role4_3_ from user user0_ where user0_.email=?
Hibernate: select quiz0_.id as id1_0_, quiz0_.text as text2_0_, quiz0_.title as title3_0_ from quiz quiz0_
Hibernate: select answer0_.quiz_id as quiz_id1_1_0_, answer0_.answer as answer2_1_0_ from quiz_answer answer0_ where answer0_.quiz_id=?
[]
[]
?[1;31m
Start test 150?[0m
Hibernate: select user0_.id as id1_3_, user0_.email as email2_3_, user0_.password as password3_3_, user0_.role as role4_3_ from user user0_ where user0_.email=?
Hibernate: select quiz0_.id as id1_0_, quiz0_.text as text2_0_, quiz0_.title as title3_0_ from quiz quiz0_
Hibernate: select answer0_.quiz_id as quiz_id1_1_0_, answer0_.answer as answer2_1_0_ from quiz_answer answer0_ where answer0_.quiz_id=?
[]
[0]
?[1;31m
Start test 151?[0m
Hibernate: select user0_.id as id1_3_, user0_.email as email2_3_, user0_.password as password3_3_, user0_.role as role4_3_ from user user0_ where user0_.email=?
Hibernate: select quiz0_.id as id1_0_, quiz0_.text as text2_0_, quiz0_.title as title3_0_ from quiz quiz0_
Hibernate: select answer0_.quiz_id as quiz_id1_1_0_, answer0_.answer as answer2_1_0_ from quiz_answer answer0_ where answer0_.quiz_id=?
[0, 1, 3]
[0, 1, 2]
?[1;31m
Start test 152?[0m
Hibernate: select user0_.id as id1_3_, user0_.email as email2_3_, user0_.password as password3_3_, user0_.role as role4_3_ from user user0_ where user0_.email=?
Hibernate: select quiz0_.id as id1_0_, quiz0_.text as text2_0_, quiz0_.title as title3_0_ from quiz quiz0_
Hibernate: select answer0_.quiz_id as quiz_id1_1_0_, answer0_.answer as answer2_1_0_ from quiz_answer answer0_ where answer0_.quiz_id=?
[0, 1, 3]
[0, 1, 3]
?[1;31m
Start test 153?[0m
Hibernate: select user0_.id as id1_3_, user0_.email as email2_3_, user0_.password as password3_3_, user0_.role as role4_3_ from user user0_ where user0_.email=?
Hibernate: select quiz0_.id as id1_0_0_, quiz0_.text as text2_0_0_, quiz0_.title as title3_0_0_ from quiz quiz0_ where quiz0_.id=?
Hibernate: select options0_.quiz_id as quiz_id1_2_0_, options0_.options as options2_2_0_ from quiz_options options0_ where options0_.quiz_id=?
Hibernate: select answer0_.quiz_id as quiz_id1_1_0_, answer0_.answer as answer2_1_0_ from quiz_answer answer0_ where answer0_.quiz_id=?
Optional[Quiz{id=3, title='The Java Logo', text='What is depicted on the Java logo?', options=[Robot, Tea leaf, Cup of coffee, Bug], answer=[2]}]
Hibernate: delete from quiz_answer where quiz_id=?
Hibernate: delete from quiz_options where quiz_id=?
Hibernate: delete from quiz where id=?
?[1;31m
Start test 154?[0m
Hibernate: select user0_.id as id1_3_, user0_.email as email2_3_, user0_.password as password3_3_, user0_.role as role4_3_ from user user0_ where user0_.email=?
Hibernate: select quiz0_.id as id1_0_0_, quiz0_.text as text2_0_0_, quiz0_.title as title3_0_0_ from quiz quiz0_ where quiz0_.id=?
Optional.empty
?[1;31m
Start test 155?[0m
Hibernate: select user0_.id as id1_3_, user0_.email as email2_3_, user0_.password as password3_3_, user0_.role as role4_3_ from user user0_ where user0_.email=?
Hibernate: select quiz0_.id as id1_0_0_, quiz0_.text as text2_0_0_, quiz0_.title as title3_0_0_ from quiz quiz0_ where quiz0_.id=?
?[1;31m
Start test 156?[0m
Hibernate: select user0_.id as id1_3_, user0_.email as email2_3_, user0_.password as password3_3_, user0_.role as role4_3_ from user user0_ where user0_.email=?
Hibernate: select quiz0_.id as id1_0_0_, quiz0_.text as text2_0_0_, quiz0_.title as title3_0_0_ from quiz quiz0_ where quiz0_.id=?
?[1;31m
Start test 157?[0m
Hibernate: select user0_.id as id1_3_, user0_.email as email2_3_, user0_.password as password3_3_, user0_.role as role4_3_ from user user0_ where user0_.email=?
Hibernate: select quiz0_.id as id1_0_0_, quiz0_.text as text2_0_0_, quiz0_.title as title3_0_0_ from quiz quiz0_ where quiz0_.id=?
Hibernate: select options0_.quiz_id as quiz_id1_2_0_, options0_.options as options2_2_0_ from quiz_options options0_ where options0_.quiz_id=?
?[1;31m
Start test 158?[0m
Hibernate: select user0_.id as id1_3_, user0_.email as email2_3_, user0_.password as password3_3_, user0_.role as role4_3_ from user user0_ where user0_.email=?
Hibernate: select quiz0_.id as id1_0_0_, quiz0_.text as text2_0_0_, quiz0_.title as title3_0_0_ from quiz quiz0_ where quiz0_.id=?
Hibernate: select options0_.quiz_id as quiz_id1_2_0_, options0_.options as options2_2_0_ from quiz_options options0_ where options0_.quiz_id=?
?[1;31m
Start test 159?[0m
Hibernate: select user0_.id as id1_3_, user0_.email as email2_3_, user0_.password as password3_3_, user0_.role as role4_3_ from user user0_ where user0_.email=?
Hibernate: select quiz0_.id as id1_0_0_, quiz0_.text as text2_0_0_, quiz0_.title as title3_0_0_ from quiz quiz0_ where quiz0_.id=?
Hibernate: select options0_.quiz_id as quiz_id1_2_0_, options0_.options as options2_2_0_ from quiz_options options0_ where options0_.quiz_id=?
Hibernate: select answer0_.quiz_id as quiz_id1_1_0_, answer0_.answer as answer2_1_0_ from quiz_answer answer0_ where answer0_.quiz_id=?
Optional[Quiz{id=4, title='The Ultimate Question', text='What is the answer to the Ultimate Question of Life, the Universe and Everything?', options=[Everything goes right, 42, 2+2=4, 11011100], answer=[1]}]
Hibernate: delete from quiz_answer where quiz_id=?
Hibernate: delete from quiz_options where quiz_id=?
Hibernate: delete from quiz where id=?
]]></system-out>
  <system-err><![CDATA[]]></system-err>
</testsuite>
